#
# There is insufficient memory for the Java Runtime Environment to continue.
# Native memory allocation (malloc) failed to allocate 1717616 bytes for Chunk::new
# Possible reasons:
#   The system is out of physical RAM or swap space
#   The process is running with CompressedOops enabled, and the Java Heap may be blocking the growth of the native heap
# Possible solutions:
#   Reduce memory load on the system
#   Increase physical memory or swap space
#   Check if swap backing store is full
#   Decrease Java heap size (-Xmx/-Xms)
#   Decrease number of Java threads
#   Decrease Java thread stack sizes (-Xss)
#   Set larger code cache with -XX:ReservedCodeCacheSize=
#   JVM is running with Unscaled Compressed Oops mode in which the Java heap is
#     placed in the first 4GB address space. The Java Heap base address is the
#     maximum limit for the native heap growth. Please use -XX:HeapBaseMinAddress
#     to set the Java Heap base and to place the Java Heap above 4GB virtual address.
# This output file may be truncated or incomplete.
#
#  Out of Memory Error (./src/hotspot/share/memory/arena.cpp:197), pid=12580, tid=9460
#
# JRE version: OpenJDK Runtime Environment (11.0.11+9) (build 11.0.11+9-b60-7590822)
# Java VM: OpenJDK 64-Bit Server VM (11.0.11+9-b60-7590822, mixed mode, tiered, compressed oops, g1 gc, windows-amd64)
# No core dump will be written. Minidumps are not enabled by default on client versions of Windows
#

---------------  S U M M A R Y ------------

Command Line: --add-opens=java.base/java.util=ALL-UNNAMED --add-opens=java.base/java.lang=ALL-UNNAMED --add-opens=java.base/java.lang.invoke=ALL-UNNAMED --add-opens=java.base/java.util=ALL-UNNAMED --add-opens=java.prefs/java.util.prefs=ALL-UNNAMED --add-opens=java.prefs/java.util.prefs=ALL-UNNAMED --add-opens=java.base/java.nio.charset=ALL-UNNAMED --add-opens=java.base/java.net=ALL-UNNAMED --add-opens=java.base/java.util.concurrent.atomic=ALL-UNNAMED -Xmx2048m -Dfile.encoding=UTF-8 -Duser.country=US -Duser.language=en -Duser.variant org.gradle.launcher.daemon.bootstrap.GradleDaemon 7.2

Host: Intel(R) Core(TM) i5-8250U CPU @ 1.60GHz, 8 cores, 11G,  Windows 10 , 64 bit Build 22000 (10.0.22000.613)
Time: Tue Apr 26 10:49:43 2022 SE Asia Standard Time elapsed time: 1762.742019 seconds (0d 0h 29m 22s)

---------------  T H R E A D  ---------------

Current thread (0x0000025c979d3000):  JavaThread "C2 CompilerThread0" daemon [_thread_in_native, id=9460, stack(0x000000ca49a00000,0x000000ca49b00000)]


Current CompileTask:
C2:1762742 26505       4       com.android.tools.r8.graph.h2::c (654 bytes)

Stack: [0x000000ca49a00000,0x000000ca49b00000]
Native frames: (J=compiled Java code, j=interpreted, Vv=VM code, C=native code)
V  [jvm.dll+0x5f214a]
V  [jvm.dll+0x726fb5]
V  [jvm.dll+0x7285cd]
V  [jvm.dll+0x728c83]
V  [jvm.dll+0x243278]
V  [jvm.dll+0xbc53c]
V  [jvm.dll+0xbca3c]
V  [jvm.dll+0x353e3b]
V  [jvm.dll+0x321893]
V  [jvm.dll+0x320d8a]
V  [jvm.dll+0x1fc1e2]
V  [jvm.dll+0x1fb3d4]
V  [jvm.dll+0x183d6c]
V  [jvm.dll+0x209a57]
V  [jvm.dll+0x2082a1]
V  [jvm.dll+0x6ef58f]
V  [jvm.dll+0x6e80b5]
V  [jvm.dll+0x5f1036]
C  [ucrtbase.dll+0x26c0c]
C  [KERNEL32.DLL+0x154e0]
C  [ntdll.dll+0x485b]


---------------  P R O C E S S  ---------------

Threads class SMR info:
_java_thread_list=0x0000025c9e5e1130, length=150, elements={
0x0000025cfcc2d000, 0x0000025c97971800, 0x0000025c97974800, 0x0000025c979cc800,
0x0000025c979ce000, 0x0000025c979d0000, 0x0000025c979d3000, 0x0000025c979de000,
0x0000025c979e2800, 0x0000025c97b42000, 0x0000025c9995c800, 0x0000025c99d9e000,
0x0000025c98b74000, 0x0000025c9a79c000, 0x0000025c9a79c800, 0x0000025c9a79a000,
0x0000025c9a797000, 0x0000025c9a79d800, 0x0000025c98c31000, 0x0000025c98c38800,
0x0000025c98c32800, 0x0000025c98c3c800, 0x0000025c98c3b800, 0x0000025c9acd1000,
0x0000025c9acd5800, 0x0000025c9acd3800, 0x0000025c9acd3000, 0x0000025c9acd2000,
0x0000025c9acd6000, 0x0000025c9a2f2000, 0x0000025ca2d95800, 0x0000025ca0ce6800,
0x0000025ca0ce9800, 0x0000025ca0cea800, 0x0000025ca0ce7000, 0x0000025ca0ce9000,
0x0000025ca0ce4800, 0x0000025ca0ce5800, 0x0000025ca0ced800, 0x0000025ca0cec000,
0x0000025ca0ced000, 0x0000025ca0ce8000, 0x0000025ca0cef800, 0x0000025ca0cf3800,
0x0000025ca0cf2000, 0x0000025ca0cee800, 0x0000025ca0cf0000, 0x0000025ca0cf1000,
0x0000025ca0cf2800, 0x0000025ca4341000, 0x0000025ca4340800, 0x0000025ca433e000,
0x0000025ca433c800, 0x0000025ca4343000, 0x0000025ca433d000, 0x0000025ca4344800,
0x0000025ca433f800, 0x0000025ca4343800, 0x0000025ca433e800, 0x0000025ca4345800,
0x0000025ca4347800, 0x0000025ca4348800, 0x0000025ca4346000, 0x0000025ca434b000,
0x0000025ca4347000, 0x0000025ca4349800, 0x0000025ca434a000, 0x0000025c9a2f3800,
0x0000025c9a2f6000, 0x0000025c9a2f5800, 0x0000025c9a2f3000, 0x0000025c9a2f1800,
0x0000025c9a2f8800, 0x0000025c9a2fa800, 0x0000025c9a2f9800, 0x0000025c9a2f7000,
0x0000025c9a2f4800, 0x0000025c9a2f8000, 0x0000025c9a2fe800, 0x0000025c9a2fb000,
0x0000025c9a2ff000, 0x0000025c9a2fc000, 0x0000025c9a300000, 0x0000025c9a2fc800,
0x0000025c9a2fd800, 0x0000025ca2d95000, 0x0000025ca2d96800, 0x0000025ca2d97800,
0x0000025ca2d99800, 0x0000025ca2d94000, 0x0000025ca2d9a800, 0x0000025ca2d9b800,
0x0000025ca2d9c000, 0x0000025ca2d9d000, 0x0000025ca2d9e000, 0x0000025ca2d98000,
0x0000025ca2d99000, 0x0000025ca2da2000, 0x0000025ca2da2800, 0x0000025ca2d9e800,
0x0000025ca2da0800, 0x0000025ca2d9f800, 0x0000025ca2da1000, 0x0000025c98c36000,
0x0000025c98c37800, 0x0000025c98c39000, 0x0000025c98c33800, 0x0000025c98c3e000,
0x0000025c98c3f000, 0x0000025c98c3d800, 0x0000025c98c3a000, 0x0000025c9a798000,
0x0000025c9a798800, 0x0000025c9a799800, 0x0000025c9a79b000, 0x0000025c9acd7000,
0x0000025c9f030000, 0x0000025c9f02f800, 0x0000025c9f02d000, 0x0000025c9f02c000,
0x0000025c9f02a800, 0x0000025c9f031000, 0x0000025c9f02d800, 0x0000025c9f02b000,
0x0000025c9f032800, 0x0000025c9f033800, 0x0000025c9f034000, 0x0000025c9f02e800,
0x0000025c9f035000, 0x0000025c9f036000, 0x0000025c9f036800, 0x0000025c9f037800,
0x0000025c9f032000, 0x0000025c9f03a000, 0x0000025c9f038800, 0x0000025c9f039000,
0x0000025c9aae9000, 0x0000025c9aae8000, 0x0000025c9aaea000, 0x0000025c9aaef800,
0x0000025c9aaf0800, 0x0000025c9aaea800, 0x0000025c9aaec800, 0x0000025c9aaeb800,
0x0000025c9aaef000, 0x0000025c9aaf1000, 0x0000025c9aaf2000, 0x0000025c9aaf3000,
0x0000025c9aaed000, 0x0000025c9aaf3800
}

Java Threads: ( => current thread )
  0x0000025cfcc2d000 JavaThread "main" [_thread_blocked, id=9244, stack(0x000000ca48e00000,0x000000ca48f00000)]
  0x0000025c97971800 JavaThread "Reference Handler" daemon [_thread_blocked, id=13940, stack(0x000000ca49500000,0x000000ca49600000)]
  0x0000025c97974800 JavaThread "Finalizer" daemon [_thread_blocked, id=1676, stack(0x000000ca49600000,0x000000ca49700000)]
  0x0000025c979cc800 JavaThread "Signal Dispatcher" daemon [_thread_blocked, id=8152, stack(0x000000ca49700000,0x000000ca49800000)]
  0x0000025c979ce000 JavaThread "Attach Listener" daemon [_thread_blocked, id=13652, stack(0x000000ca49800000,0x000000ca49900000)]
  0x0000025c979d0000 JavaThread "Service Thread" daemon [_thread_blocked, id=9520, stack(0x000000ca49900000,0x000000ca49a00000)]
=>0x0000025c979d3000 JavaThread "C2 CompilerThread0" daemon [_thread_in_native, id=9460, stack(0x000000ca49a00000,0x000000ca49b00000)]
  0x0000025c979de000 JavaThread "C1 CompilerThread0" daemon [_thread_blocked, id=1264, stack(0x000000ca49b00000,0x000000ca49c00000)]
  0x0000025c979e2800 JavaThread "Sweeper thread" daemon [_thread_blocked, id=11020, stack(0x000000ca49c00000,0x000000ca49d00000)]
  0x0000025c97b42000 JavaThread "Common-Cleaner" daemon [_thread_blocked, id=12980, stack(0x000000ca49d00000,0x000000ca49e00000)]
  0x0000025c9995c800 JavaThread "Daemon health stats" [_thread_blocked, id=15356, stack(0x000000ca4a300000,0x000000ca4a400000)]
  0x0000025c99d9e000 JavaThread "Incoming local TCP Connector on port 55261" [_thread_in_native, id=15092, stack(0x000000ca4a200000,0x000000ca4a300000)]
  0x0000025c98b74000 JavaThread "Daemon periodic checks" [_thread_blocked, id=15100, stack(0x000000ca4a400000,0x000000ca4a500000)]
  0x0000025c9a79c000 JavaThread "Cache worker for journal cache (C:\Users\huynh\.gradle\caches\journal-1)" [_thread_blocked, id=9356, stack(0x000000ca4ac00000,0x000000ca4ad00000)]
  0x0000025c9a79c800 JavaThread "File lock request listener" [_thread_in_native, id=10684, stack(0x000000ca4ad00000,0x000000ca4ae00000)]
  0x0000025c9a79a000 JavaThread "Cache worker for file hash cache (C:\Users\huynh\.gradle\caches\7.2\fileHashes)" [_thread_blocked, id=5932, stack(0x000000ca4ae00000,0x000000ca4af00000)]
  0x0000025c9a797000 JavaThread "File watcher server" daemon [_thread_in_native, id=8448, stack(0x000000ca4b600000,0x000000ca4b700000)]
  0x0000025c9a79d800 JavaThread "File watcher consumer" daemon [_thread_blocked, id=10460, stack(0x000000ca4b700000,0x000000ca4b800000)]
  0x0000025c98c31000 JavaThread "Cache worker for execution history cache (C:\Users\huynh\.gradle\caches\7.2\executionHistory)" [_thread_blocked, id=13500, stack(0x000000ca4bb00000,0x000000ca4bc00000)]
  0x0000025c98c38800 JavaThread "jar transforms" [_thread_blocked, id=11536, stack(0x000000ca4bd00000,0x000000ca4be00000)]
  0x0000025c98c32800 JavaThread "Cache worker for file content cache (C:\Users\huynh\.gradle\caches\7.2\fileContent)" [_thread_blocked, id=13784, stack(0x000000ca4be00000,0x000000ca4bf00000)]
  0x0000025c98c3c800 JavaThread "jar transforms Thread 2" [_thread_blocked, id=11660, stack(0x000000ca4bf00000,0x000000ca4c000000)]
  0x0000025c98c3b800 JavaThread "jar transforms Thread 3" [_thread_blocked, id=4188, stack(0x000000ca4c100000,0x000000ca4c200000)]
  0x0000025c9acd1000 JavaThread "jar transforms Thread 4" [_thread_blocked, id=2676, stack(0x000000ca51300000,0x000000ca51400000)]
  0x0000025c9acd5800 JavaThread "jar transforms Thread 5" [_thread_blocked, id=5944, stack(0x000000ca51400000,0x000000ca51500000)]
  0x0000025c9acd3800 JavaThread "jar transforms Thread 6" [_thread_blocked, id=10472, stack(0x000000ca51500000,0x000000ca51600000)]
  0x0000025c9acd3000 JavaThread "jar transforms Thread 7" [_thread_blocked, id=9388, stack(0x000000ca51600000,0x000000ca51700000)]
  0x0000025c9acd2000 JavaThread "jar transforms Thread 8" [_thread_blocked, id=3524, stack(0x000000ca51700000,0x000000ca51800000)]
  0x0000025c9acd6000 JavaThread "Memory manager" [_thread_blocked, id=9172, stack(0x000000ca51800000,0x000000ca51900000)]
  0x0000025c9a2f2000 JavaThread "Cache worker for Java compile cache (C:\Users\huynh\.gradle\caches\7.2\javaCompile)" [_thread_blocked, id=2816, stack(0x000000ca52200000,0x000000ca52300000)]
  0x0000025ca2d95800 JavaThread "ForkJoinPool.commonPool-worker-11" daemon [_thread_blocked, id=14848, stack(0x000000ca53900000,0x000000ca53a00000)]
  0x0000025ca0ce6800 JavaThread "Daemon Thread 8" [_thread_blocked, id=7692, stack(0x000000ca48b00000,0x000000ca48c00000)]
  0x0000025ca0ce9800 JavaThread "Handler for socket connection from /127.0.0.1:55261 to /127.0.0.1:56730" [_thread_in_native, id=3956, stack(0x000000ca48c00000,0x000000ca48d00000)]
  0x0000025ca0cea800 JavaThread "Cancel handler" [_thread_blocked, id=12272, stack(0x000000ca48d00000,0x000000ca48e00000)]
  0x0000025ca0ce7000 JavaThread "Daemon worker Thread 8" [_thread_blocked, id=7504, stack(0x000000ca4a500000,0x000000ca4a600000)]
  0x0000025ca0ce9000 JavaThread "Asynchronous log dispatcher for DefaultDaemonConnection: socket connection from /127.0.0.1:55261 to /127.0.0.1:56730" [_thread_blocked, id=11308, stack(0x000000ca4a600000,0x000000ca4a700000)]
  0x0000025ca0ce4800 JavaThread "Stdin handler" [_thread_blocked, id=7976, stack(0x000000ca4a700000,0x000000ca4a800000)]
  0x0000025ca0ce5800 JavaThread "Daemon client event forwarder" [_thread_blocked, id=3632, stack(0x000000ca4a800000,0x000000ca4a900000)]
  0x0000025ca0ced800 JavaThread "Cache worker for file hash cache (D:\Nam_IV\HKII\LTDiDong\GiuaKyNhom15\.gradle\7.2\fileHashes)" [_thread_blocked, id=6016, stack(0x000000ca4a900000,0x000000ca4aa00000)]
  0x0000025ca0cec000 JavaThread "Cache worker for checksums cache (D:\Nam_IV\HKII\LTDiDong\GiuaKyNhom15\.gradle\checksums)" [_thread_blocked, id=6916, stack(0x000000ca4aa00000,0x000000ca4ab00000)]
  0x0000025ca0ced000 JavaThread "Cache worker for cache directory md-supplier (C:\Users\huynh\.gradle\caches\7.2\md-supplier)" [_thread_blocked, id=10492, stack(0x000000ca4ab00000,0x000000ca4ac00000)]
  0x0000025ca0ce8000 JavaThread "Cache worker for cache directory md-rule (C:\Users\huynh\.gradle\caches\7.2\md-rule)" [_thread_blocked, id=8288, stack(0x000000ca4b400000,0x000000ca4b500000)]
  0x0000025ca0cef800 JavaThread "Cache worker for dependencies-accessors (D:\Nam_IV\HKII\LTDiDong\GiuaKyNhom15\.gradle\7.2\dependencies-accessors)" [_thread_blocked, id=12688, stack(0x000000ca4b800000,0x000000ca4b900000)]
  0x0000025ca0cf3800 JavaThread "Cache worker for Build Output Cleanup Cache (D:\Nam_IV\HKII\LTDiDong\GiuaKyNhom15\.gradle\buildOutputCleanup)" [_thread_blocked, id=8900, stack(0x000000ca4b900000,0x000000ca4ba00000)]
  0x0000025ca0cf2000 JavaThread "Unconstrained build operations" [_thread_blocked, id=9436, stack(0x000000ca4ba00000,0x000000ca4bb00000)]
  0x0000025ca0cee800 JavaThread "Unconstrained build operations Thread 2" [_thread_blocked, id=5952, stack(0x000000ca4bc00000,0x000000ca4bd00000)]
  0x0000025ca0cf0000 JavaThread "Unconstrained build operations Thread 3" [_thread_blocked, id=648, stack(0x000000ca4c000000,0x000000ca4c100000)]
  0x0000025ca0cf1000 JavaThread "Unconstrained build operations Thread 4" [_thread_blocked, id=10676, stack(0x000000ca4c200000,0x000000ca4c300000)]
  0x0000025ca0cf2800 JavaThread "Unconstrained build operations Thread 5" [_thread_blocked, id=10288, stack(0x000000ca4c300000,0x000000ca4c400000)]
  0x0000025ca4341000 JavaThread "Unconstrained build operations Thread 6" [_thread_blocked, id=11452, stack(0x000000ca4c400000,0x000000ca4c500000)]
  0x0000025ca4340800 JavaThread "Unconstrained build operations Thread 7" [_thread_blocked, id=14808, stack(0x000000ca4c500000,0x000000ca4c600000)]
  0x0000025ca433e000 JavaThread "Unconstrained build operations Thread 8" [_thread_blocked, id=3948, stack(0x000000ca4c600000,0x000000ca4c700000)]
  0x0000025ca433c800 JavaThread "Unconstrained build operations Thread 9" [_thread_blocked, id=14432, stack(0x000000ca4c700000,0x000000ca4c800000)]
  0x0000025ca4343000 JavaThread "Unconstrained build operations Thread 10" [_thread_blocked, id=2672, stack(0x000000ca4c800000,0x000000ca4c900000)]
  0x0000025ca433d000 JavaThread "Unconstrained build operations Thread 11" [_thread_blocked, id=15140, stack(0x000000ca4c900000,0x000000ca4ca00000)]
  0x0000025ca4344800 JavaThread "Unconstrained build operations Thread 12" [_thread_blocked, id=12916, stack(0x000000ca4ca00000,0x000000ca4cb00000)]
  0x0000025ca433f800 JavaThread "Unconstrained build operations Thread 13" [_thread_blocked, id=7196, stack(0x000000ca4cb00000,0x000000ca4cc00000)]
  0x0000025ca4343800 JavaThread "Unconstrained build operations Thread 14" [_thread_blocked, id=7800, stack(0x000000ca4cc00000,0x000000ca4cd00000)]
  0x0000025ca433e800 JavaThread "Unconstrained build operations Thread 15" [_thread_blocked, id=9012, stack(0x000000ca4cd00000,0x000000ca4ce00000)]
  0x0000025ca4345800 JavaThread "Unconstrained build operations Thread 16" [_thread_blocked, id=15068, stack(0x000000ca4ce00000,0x000000ca4cf00000)]
  0x0000025ca4347800 JavaThread "Unconstrained build operations Thread 17" [_thread_blocked, id=3084, stack(0x000000ca4cf00000,0x000000ca4d000000)]
  0x0000025ca4348800 JavaThread "Unconstrained build operations Thread 18" [_thread_blocked, id=5652, stack(0x000000ca4d000000,0x000000ca4d100000)]
  0x0000025ca4346000 JavaThread "Unconstrained build operations Thread 19" [_thread_blocked, id=8736, stack(0x000000ca4d100000,0x000000ca4d200000)]
  0x0000025ca434b000 JavaThread "Unconstrained build operations Thread 20" [_thread_blocked, id=768, stack(0x000000ca4d200000,0x000000ca4d300000)]
  0x0000025ca4347000 JavaThread "Unconstrained build operations Thread 21" [_thread_blocked, id=3192, stack(0x000000ca4d300000,0x000000ca4d400000)]
  0x0000025ca4349800 JavaThread "Unconstrained build operations Thread 22" [_thread_blocked, id=8472, stack(0x000000ca4d400000,0x000000ca4d500000)]
  0x0000025ca434a000 JavaThread "Unconstrained build operations Thread 23" [_thread_blocked, id=6136, stack(0x000000ca4d500000,0x000000ca4d600000)]
  0x0000025c9a2f3800 JavaThread "Unconstrained build operations Thread 24" [_thread_blocked, id=6708, stack(0x000000ca4d600000,0x000000ca4d700000)]
  0x0000025c9a2f6000 JavaThread "Unconstrained build operations Thread 25" [_thread_blocked, id=10380, stack(0x000000ca4d700000,0x000000ca4d800000)]
  0x0000025c9a2f5800 JavaThread "Unconstrained build operations Thread 26" [_thread_blocked, id=10576, stack(0x000000ca4d800000,0x000000ca4d900000)]
  0x0000025c9a2f3000 JavaThread "Unconstrained build operations Thread 27" [_thread_blocked, id=4608, stack(0x000000ca4d900000,0x000000ca4da00000)]
  0x0000025c9a2f1800 JavaThread "Unconstrained build operations Thread 28" [_thread_blocked, id=15076, stack(0x000000ca4da00000,0x000000ca4db00000)]
  0x0000025c9a2f8800 JavaThread "Unconstrained build operations Thread 29" [_thread_blocked, id=14600, stack(0x000000ca4db00000,0x000000ca4dc00000)]
  0x0000025c9a2fa800 JavaThread "Unconstrained build operations Thread 30" [_thread_blocked, id=4348, stack(0x000000ca4dc00000,0x000000ca4dd00000)]
  0x0000025c9a2f9800 JavaThread "Unconstrained build operations Thread 31" [_thread_blocked, id=9184, stack(0x000000ca4dd00000,0x000000ca4de00000)]
  0x0000025c9a2f7000 JavaThread "Unconstrained build operations Thread 32" [_thread_blocked, id=10528, stack(0x000000ca4de00000,0x000000ca4df00000)]
  0x0000025c9a2f4800 JavaThread "Unconstrained build operations Thread 33" [_thread_blocked, id=14080, stack(0x000000ca4df00000,0x000000ca4e000000)]
  0x0000025c9a2f8000 JavaThread "Unconstrained build operations Thread 34" [_thread_blocked, id=7700, stack(0x000000ca4e000000,0x000000ca4e100000)]
  0x0000025c9a2fe800 JavaThread "Unconstrained build operations Thread 35" [_thread_blocked, id=4212, stack(0x000000ca4e100000,0x000000ca4e200000)]
  0x0000025c9a2fb000 JavaThread "Unconstrained build operations Thread 36" [_thread_blocked, id=14104, stack(0x000000ca4e200000,0x000000ca4e300000)]
  0x0000025c9a2ff000 JavaThread "Unconstrained build operations Thread 37" [_thread_blocked, id=1648, stack(0x000000ca4e300000,0x000000ca4e400000)]
  0x0000025c9a2fc000 JavaThread "Unconstrained build operations Thread 38" [_thread_blocked, id=15352, stack(0x000000ca4e400000,0x000000ca4e500000)]
  0x0000025c9a300000 JavaThread "Unconstrained build operations Thread 39" [_thread_blocked, id=2940, stack(0x000000ca4e500000,0x000000ca4e600000)]
  0x0000025c9a2fc800 JavaThread "Unconstrained build operations Thread 40" [_thread_blocked, id=5524, stack(0x000000ca4e600000,0x000000ca4e700000)]
  0x0000025c9a2fd800 JavaThread "Unconstrained build operations Thread 41" [_thread_blocked, id=14928, stack(0x000000ca4e700000,0x000000ca4e800000)]
  0x0000025ca2d95000 JavaThread "Unconstrained build operations Thread 42" [_thread_blocked, id=5712, stack(0x000000ca4e800000,0x000000ca4e900000)]
  0x0000025ca2d96800 JavaThread "Unconstrained build operations Thread 43" [_thread_blocked, id=11872, stack(0x000000ca4e900000,0x000000ca4ea00000)]
  0x0000025ca2d97800 JavaThread "Unconstrained build operations Thread 44" [_thread_blocked, id=10716, stack(0x000000ca4ea00000,0x000000ca4eb00000)]
  0x0000025ca2d99800 JavaThread "Unconstrained build operations Thread 45" [_thread_blocked, id=3028, stack(0x000000ca4eb00000,0x000000ca4ec00000)]
  0x0000025ca2d94000 JavaThread "Unconstrained build operations Thread 46" [_thread_blocked, id=3732, stack(0x000000ca4ec00000,0x000000ca4ed00000)]
  0x0000025ca2d9a800 JavaThread "Unconstrained build operations Thread 47" [_thread_blocked, id=14860, stack(0x000000ca4ed00000,0x000000ca4ee00000)]
  0x0000025ca2d9b800 JavaThread "Unconstrained build operations Thread 48" [_thread_blocked, id=12032, stack(0x000000ca4ee00000,0x000000ca4ef00000)]
  0x0000025ca2d9c000 JavaThread "Unconstrained build operations Thread 49" [_thread_blocked, id=14240, stack(0x000000ca4ef00000,0x000000ca4f000000)]
  0x0000025ca2d9d000 JavaThread "Unconstrained build operations Thread 50" [_thread_blocked, id=988, stack(0x000000ca4f000000,0x000000ca4f100000)]
  0x0000025ca2d9e000 JavaThread "Unconstrained build operations Thread 51" [_thread_blocked, id=6464, stack(0x000000ca4f100000,0x000000ca4f200000)]
  0x0000025ca2d98000 JavaThread "Unconstrained build operations Thread 52" [_thread_blocked, id=5232, stack(0x000000ca4f200000,0x000000ca4f300000)]
  0x0000025ca2d99000 JavaThread "Unconstrained build operations Thread 53" [_thread_blocked, id=2500, stack(0x000000ca4f300000,0x000000ca4f400000)]
  0x0000025ca2da2000 JavaThread "Unconstrained build operations Thread 54" [_thread_blocked, id=14828, stack(0x000000ca4f400000,0x000000ca4f500000)]
  0x0000025ca2da2800 JavaThread "Unconstrained build operations Thread 55" [_thread_blocked, id=7212, stack(0x000000ca4f500000,0x000000ca4f600000)]
  0x0000025ca2d9e800 JavaThread "Unconstrained build operations Thread 56" [_thread_blocked, id=13800, stack(0x000000ca4f600000,0x000000ca4f700000)]
  0x0000025ca2da0800 JavaThread "Unconstrained build operations Thread 57" [_thread_blocked, id=14812, stack(0x000000ca4f700000,0x000000ca4f800000)]
  0x0000025ca2d9f800 JavaThread "Unconstrained build operations Thread 58" [_thread_blocked, id=7336, stack(0x000000ca4f800000,0x000000ca4f900000)]
  0x0000025ca2da1000 JavaThread "Unconstrained build operations Thread 59" [_thread_blocked, id=2316, stack(0x000000ca4f900000,0x000000ca4fa00000)]
  0x0000025c98c36000 JavaThread "Unconstrained build operations Thread 60" [_thread_blocked, id=3004, stack(0x000000ca4fa00000,0x000000ca4fb00000)]
  0x0000025c98c37800 JavaThread "Unconstrained build operations Thread 61" [_thread_blocked, id=15200, stack(0x000000ca4fb00000,0x000000ca4fc00000)]
  0x0000025c98c39000 JavaThread "Unconstrained build operations Thread 62" [_thread_blocked, id=12568, stack(0x000000ca4fc00000,0x000000ca4fd00000)]
  0x0000025c98c33800 JavaThread "Unconstrained build operations Thread 63" [_thread_blocked, id=11104, stack(0x000000ca4fd00000,0x000000ca4fe00000)]
  0x0000025c98c3e000 JavaThread "Unconstrained build operations Thread 64" [_thread_blocked, id=10140, stack(0x000000ca4fe00000,0x000000ca4ff00000)]
  0x0000025c98c3f000 JavaThread "Unconstrained build operations Thread 65" [_thread_blocked, id=11116, stack(0x000000ca4ff00000,0x000000ca50000000)]
  0x0000025c98c3d800 JavaThread "Unconstrained build operations Thread 66" [_thread_blocked, id=11472, stack(0x000000ca50000000,0x000000ca50100000)]
  0x0000025c98c3a000 JavaThread "Unconstrained build operations Thread 67" [_thread_blocked, id=664, stack(0x000000ca50100000,0x000000ca50200000)]
  0x0000025c9a798000 JavaThread "Unconstrained build operations Thread 68" [_thread_blocked, id=8764, stack(0x000000ca50200000,0x000000ca50300000)]
  0x0000025c9a798800 JavaThread "Unconstrained build operations Thread 69" [_thread_blocked, id=11152, stack(0x000000ca50300000,0x000000ca50400000)]
  0x0000025c9a799800 JavaThread "Unconstrained build operations Thread 70" [_thread_blocked, id=13356, stack(0x000000ca50400000,0x000000ca50500000)]
  0x0000025c9a79b000 JavaThread "Unconstrained build operations Thread 71" [_thread_blocked, id=10580, stack(0x000000ca50500000,0x000000ca50600000)]
  0x0000025c9acd7000 JavaThread "Unconstrained build operations Thread 72" [_thread_blocked, id=14704, stack(0x000000ca50600000,0x000000ca50700000)]
  0x0000025c9f030000 JavaThread "Unconstrained build operations Thread 73" [_thread_blocked, id=13788, stack(0x000000ca50700000,0x000000ca50800000)]
  0x0000025c9f02f800 JavaThread "Unconstrained build operations Thread 74" [_thread_blocked, id=7532, stack(0x000000ca50800000,0x000000ca50900000)]
  0x0000025c9f02d000 JavaThread "Unconstrained build operations Thread 75" [_thread_blocked, id=8720, stack(0x000000ca50900000,0x000000ca50a00000)]
  0x0000025c9f02c000 JavaThread "Unconstrained build operations Thread 76" [_thread_blocked, id=1424, stack(0x000000ca50a00000,0x000000ca50b00000)]
  0x0000025c9f02a800 JavaThread "Unconstrained build operations Thread 77" [_thread_blocked, id=10832, stack(0x000000ca50b00000,0x000000ca50c00000)]
  0x0000025c9f031000 JavaThread "Unconstrained build operations Thread 78" [_thread_blocked, id=1572, stack(0x000000ca50c00000,0x000000ca50d00000)]
  0x0000025c9f02d800 JavaThread "Unconstrained build operations Thread 79" [_thread_blocked, id=11188, stack(0x000000ca50d00000,0x000000ca50e00000)]
  0x0000025c9f02b000 JavaThread "Unconstrained build operations Thread 80" [_thread_blocked, id=5892, stack(0x000000ca50e00000,0x000000ca50f00000)]
  0x0000025c9f032800 JavaThread "build event listener" [_thread_blocked, id=8652, stack(0x000000ca50f00000,0x000000ca51000000)]
  0x0000025c9f033800 JavaThread "Execution worker for ':'" [_thread_blocked, id=5644, stack(0x000000ca51000000,0x000000ca51100000)]
  0x0000025c9f034000 JavaThread "Execution worker for ':' Thread 2" [_thread_blocked, id=14468, stack(0x000000ca51100000,0x000000ca51200000)]
  0x0000025c9f02e800 JavaThread "Execution worker for ':' Thread 3" [_thread_blocked, id=2140, stack(0x000000ca51200000,0x000000ca51300000)]
  0x0000025c9f035000 JavaThread "Execution worker for ':' Thread 4" [_thread_blocked, id=8336, stack(0x000000ca51900000,0x000000ca51a00000)]
  0x0000025c9f036000 JavaThread "Execution worker for ':' Thread 5" [_thread_blocked, id=13228, stack(0x000000ca51a00000,0x000000ca51b00000)]
  0x0000025c9f036800 JavaThread "Execution worker for ':' Thread 6" [_thread_blocked, id=9364, stack(0x000000ca51b00000,0x000000ca51c00000)]
  0x0000025c9f037800 JavaThread "Execution worker for ':' Thread 7" [_thread_blocked, id=9656, stack(0x000000ca51c00000,0x000000ca51d00000)]
  0x0000025c9f032000 JavaThread "Cache worker for execution history cache (D:\Nam_IV\HKII\LTDiDong\GiuaKyNhom15\.gradle\7.2\executionHistory)" [_thread_blocked, id=7060, stack(0x000000ca51d00000,0x000000ca51e00000)]
  0x0000025c9f03a000 JavaThread "Build operations" [_thread_blocked, id=2176, stack(0x000000ca51e00000,0x000000ca51f00000)]
  0x0000025c9f038800 JavaThread "Build operations Thread 2" [_thread_blocked, id=7280, stack(0x000000ca51f00000,0x000000ca52000000)]
  0x0000025c9f039000 JavaThread "Build operations Thread 3" [_thread_blocked, id=11980, stack(0x000000ca52000000,0x000000ca52100000)]
  0x0000025c9aae9000 JavaThread "Build operations Thread 4" [_thread_blocked, id=7852, stack(0x000000ca52100000,0x000000ca52200000)]
  0x0000025c9aae8000 JavaThread "Build operations Thread 5" [_thread_blocked, id=14660, stack(0x000000ca52300000,0x000000ca52400000)]
  0x0000025c9aaea000 JavaThread "Build operations Thread 6" [_thread_blocked, id=14792, stack(0x000000ca52400000,0x000000ca52500000)]
  0x0000025c9aaef800 JavaThread "Build operations Thread 7" [_thread_blocked, id=14212, stack(0x000000ca52500000,0x000000ca52600000)]
  0x0000025c9aaf0800 JavaThread "Build operations Thread 8" [_thread_blocked, id=7812, stack(0x000000ca52600000,0x000000ca52700000)]
  0x0000025c9aaea800 JavaThread "WorkerExecutor Queue" [_thread_in_Java, id=7288, stack(0x000000ca52700000,0x000000ca52800000)]
  0x0000025c9aaec800 JavaThread "WorkerExecutor Queue Thread 2" [_thread_blocked, id=8680, stack(0x000000ca52800000,0x000000ca52900000)]
  0x0000025c9aaeb800 JavaThread "WorkerExecutor Queue Thread 3" [_thread_blocked, id=12136, stack(0x000000ca52900000,0x000000ca52a00000)]
  0x0000025c9aaef000 JavaThread "WorkerExecutor Queue Thread 4" [_thread_blocked, id=1240, stack(0x000000ca52a00000,0x000000ca52b00000)]
  0x0000025c9aaf1000 JavaThread "WorkerExecutor Queue Thread 5" [_thread_blocked, id=2896, stack(0x000000ca52b00000,0x000000ca52c00000)]
  0x0000025c9aaf2000 JavaThread "WorkerExecutor Queue Thread 6" [_thread_blocked, id=1644, stack(0x000000ca52c00000,0x000000ca52d00000)]
  0x0000025c9aaf3000 JavaThread "WorkerExecutor Queue Thread 7" [_thread_blocked, id=8972, stack(0x000000ca52d00000,0x000000ca52e00000)]
  0x0000025c9aaed000 JavaThread "WorkerExecutor Queue Thread 8" [_thread_blocked, id=14440, stack(0x000000ca52e00000,0x000000ca52f00000)]
  0x0000025c9aaf3800 JavaThread "WorkerExecutor Queue Thread 9" [_thread_blocked, id=13516, stack(0x000000ca52f00000,0x000000ca53000000)]

Other Threads:
  0x0000025c9716d800 VMThread "VM Thread" [stack: 0x000000ca49400000,0x000000ca49500000] [id=14132]
  0x0000025c97b5d800 WatcherThread [stack: 0x000000ca49e00000,0x000000ca49f00000] [id=4008]
  0x0000025cfcc49800 GCTaskThread "GC Thread#0" [stack: 0x000000ca48f00000,0x000000ca49000000] [id=1376]
  0x0000025c98a72800 GCTaskThread "GC Thread#1" [stack: 0x000000ca49f00000,0x000000ca4a000000] [id=12732]
  0x0000025c97c7f800 GCTaskThread "GC Thread#2" [stack: 0x000000ca4a000000,0x000000ca4a100000] [id=3212]
  0x0000025c9897e000 GCTaskThread "GC Thread#3" [stack: 0x000000ca4a100000,0x000000ca4a200000] [id=14780]
  0x0000025c99e2b000 GCTaskThread "GC Thread#4" [stack: 0x000000ca4af00000,0x000000ca4b000000] [id=6244]
  0x0000025c991a5000 GCTaskThread "GC Thread#5" [stack: 0x000000ca4b000000,0x000000ca4b100000] [id=7416]
  0x0000025c9a46a800 GCTaskThread "GC Thread#6" [stack: 0x000000ca4b100000,0x000000ca4b200000] [id=11892]
  0x0000025c98b54000 GCTaskThread "GC Thread#7" [stack: 0x000000ca4b200000,0x000000ca4b300000] [id=9420]
  0x0000025cfcc79000 ConcurrentGCThread "G1 Main Marker" [stack: 0x000000ca49000000,0x000000ca49100000] [id=4252]
  0x0000025cfcc7a800 ConcurrentGCThread "G1 Conc#0" [stack: 0x000000ca49100000,0x000000ca49200000] [id=5704]
  0x0000025c99f2b000 ConcurrentGCThread "G1 Conc#1" [stack: 0x000000ca4b300000,0x000000ca4b400000] [id=13148]
  0x0000025cfcd0e800 ConcurrentGCThread "G1 Refine#0" [stack: 0x000000ca49200000,0x000000ca49300000] [id=13776]
  0x0000025c9b1bc800 ConcurrentGCThread "G1 Refine#1" [stack: 0x000000ca4b500000,0x000000ca4b600000] [id=556]
  0x0000025c96fb4800 ConcurrentGCThread "G1 Young RemSet Sampling" [stack: 0x000000ca49300000,0x000000ca49400000] [id=7372]

Threads with active compile tasks:
C2 CompilerThread01762798 26505       4       com.android.tools.r8.graph.h2::c (654 bytes)

VM state:not at safepoint (normal execution)

VM Mutex/Monitor currently owned by a thread: None

Heap address: 0x0000000080000000, size: 2048 MB, Compressed Oops mode: 32-bit
Narrow klass base: 0x0000000000000000, Narrow klass shift: 3
Compressed class space size: 1073741824 Address: 0x0000000100000000

Heap:
 garbage-first heap   total 236544K, used 148524K [0x0000000080000000, 0x0000000100000000)
  region size 1024K, 37 young (37888K), 2 survivors (2048K)
 Metaspace       used 122777K, capacity 126564K, committed 127564K, reserved 1159168K
  class space    used 15291K, capacity 16749K, committed 17228K, reserved 1048576K
Heap Regions: E=young(eden), S=young(survivor), O=old, HS=humongous(starts), HC=humongous(continues), CS=collection set, F=free, A=archive, TAMS=top-at-mark-start (previous, next)
|   0|0x0000000080000000, 0x0000000080100000, 0x0000000080100000|100%| O|  |TAMS 0x0000000080100000, 0x0000000080000000| Untracked 
|   1|0x0000000080100000, 0x0000000080200000, 0x0000000080200000|100%| O|  |TAMS 0x0000000080200000, 0x0000000080100000| Untracked 
|   2|0x0000000080200000, 0x0000000080300000, 0x0000000080300000|100%| O|  |TAMS 0x0000000080300000, 0x0000000080200000| Untracked 
|   3|0x0000000080300000, 0x0000000080400000, 0x0000000080400000|100%|HS|  |TAMS 0x0000000080400000, 0x0000000080300000| Complete 
|   4|0x0000000080400000, 0x0000000080500000, 0x0000000080500000|100%|HC|  |TAMS 0x0000000080500000, 0x0000000080400000| Complete 
|   5|0x0000000080500000, 0x0000000080600000, 0x0000000080600000|100%|HC|  |TAMS 0x0000000080600000, 0x0000000080500000| Complete 
|   6|0x0000000080600000, 0x0000000080700000, 0x0000000080700000|100%| O|  |TAMS 0x0000000080700000, 0x0000000080600000| Untracked 
|   7|0x0000000080700000, 0x0000000080800000, 0x0000000080800000|100%| O|  |TAMS 0x0000000080800000, 0x0000000080700000| Untracked 
|   8|0x0000000080800000, 0x0000000080900000, 0x0000000080900000|100%| O|  |TAMS 0x0000000080900000, 0x0000000080800000| Untracked 
|   9|0x0000000080900000, 0x0000000080a00000, 0x0000000080a00000|100%| O|  |TAMS 0x0000000080a00000, 0x0000000080900000| Untracked 
|  10|0x0000000080a00000, 0x0000000080b00000, 0x0000000080b00000|100%| O|  |TAMS 0x0000000080b00000, 0x0000000080a00000| Untracked 
|  11|0x0000000080b00000, 0x0000000080c00000, 0x0000000080c00000|100%| O|  |TAMS 0x0000000080c00000, 0x0000000080b00000| Untracked 
|  12|0x0000000080c00000, 0x0000000080d00000, 0x0000000080d00000|100%| O|  |TAMS 0x0000000080d00000, 0x0000000080c00000| Untracked 
|  13|0x0000000080d00000, 0x0000000080e00000, 0x0000000080e00000|100%| O|  |TAMS 0x0000000080e00000, 0x0000000080d00000| Untracked 
|  14|0x0000000080e00000, 0x0000000080f00000, 0x0000000080f00000|100%| O|  |TAMS 0x0000000080f00000, 0x0000000080e00000| Untracked 
|  15|0x0000000080f00000, 0x0000000081000000, 0x0000000081000000|100%| O|  |TAMS 0x0000000081000000, 0x0000000080f00000| Untracked 
|  16|0x0000000081000000, 0x0000000081100000, 0x0000000081100000|100%|HS|  |TAMS 0x0000000081100000, 0x0000000081000000| Complete 
|  17|0x0000000081100000, 0x0000000081200000, 0x0000000081200000|100%|HS|  |TAMS 0x0000000081200000, 0x0000000081100000| Complete 
|  18|0x0000000081200000, 0x0000000081300000, 0x0000000081300000|100%|HS|  |TAMS 0x0000000081300000, 0x0000000081200000| Complete 
|  19|0x0000000081300000, 0x0000000081400000, 0x0000000081400000|100%|HS|  |TAMS 0x0000000081400000, 0x0000000081300000| Complete 
|  20|0x0000000081400000, 0x0000000081500000, 0x0000000081500000|100%|HC|  |TAMS 0x0000000081500000, 0x0000000081400000| Complete 
|  21|0x0000000081500000, 0x0000000081600000, 0x0000000081600000|100%| O|  |TAMS 0x0000000081600000, 0x0000000081500000| Untracked 
|  22|0x0000000081600000, 0x0000000081700000, 0x0000000081700000|100%| O|  |TAMS 0x0000000081700000, 0x0000000081600000| Untracked 
|  23|0x0000000081700000, 0x0000000081800000, 0x0000000081800000|100%| O|  |TAMS 0x0000000081800000, 0x0000000081700000| Untracked 
|  24|0x0000000081800000, 0x0000000081900000, 0x0000000081900000|100%| O|  |TAMS 0x0000000081900000, 0x0000000081800000| Untracked 
|  25|0x0000000081900000, 0x0000000081a00000, 0x0000000081a00000|100%| O|  |TAMS 0x0000000081a00000, 0x0000000081900000| Complete 
|  26|0x0000000081a00000, 0x0000000081b00000, 0x0000000081b00000|100%| O|  |TAMS 0x0000000081b00000, 0x0000000081a00000| Untracked 
|  27|0x0000000081b00000, 0x0000000081c00000, 0x0000000081c00000|100%| O|  |TAMS 0x0000000081c00000, 0x0000000081b00000| Untracked 
|  28|0x0000000081c00000, 0x0000000081d00000, 0x0000000081d00000|100%| O|  |TAMS 0x0000000081d00000, 0x0000000081c00000| Untracked 
|  29|0x0000000081d00000, 0x0000000081e00000, 0x0000000081e00000|100%| O|  |TAMS 0x0000000081e00000, 0x0000000081d00000| Untracked 
|  30|0x0000000081e00000, 0x0000000081f00000, 0x0000000081f00000|100%| O|  |TAMS 0x0000000081f00000, 0x0000000081e00000| Untracked 
|  31|0x0000000081f00000, 0x0000000082000000, 0x0000000082000000|100%| O|  |TAMS 0x0000000082000000, 0x0000000081f00000| Untracked 
|  32|0x0000000082000000, 0x0000000082100000, 0x0000000082100000|100%| O|  |TAMS 0x0000000082100000, 0x0000000082000000| Complete 
|  33|0x0000000082100000, 0x0000000082200000, 0x0000000082200000|100%| O|  |TAMS 0x0000000082200000, 0x0000000082100000| Untracked 
|  34|0x0000000082200000, 0x0000000082300000, 0x0000000082300000|100%| O|  |TAMS 0x0000000082300000, 0x0000000082200000| Untracked 
|  35|0x0000000082300000, 0x0000000082400000, 0x0000000082400000|100%| O|  |TAMS 0x0000000082400000, 0x0000000082300000| Untracked 
|  36|0x0000000082400000, 0x0000000082500000, 0x0000000082500000|100%| O|  |TAMS 0x0000000082500000, 0x0000000082400000| Untracked 
|  37|0x0000000082500000, 0x0000000082600000, 0x0000000082600000|100%| O|  |TAMS 0x0000000082600000, 0x0000000082500000| Untracked 
|  38|0x0000000082600000, 0x0000000082700000, 0x0000000082700000|100%| O|  |TAMS 0x0000000082700000, 0x0000000082600000| Untracked 
|  39|0x0000000082700000, 0x0000000082800000, 0x0000000082800000|100%| O|  |TAMS 0x0000000082800000, 0x0000000082700000| Untracked 
|  40|0x0000000082800000, 0x0000000082900000, 0x0000000082900000|100%| O|  |TAMS 0x0000000082900000, 0x0000000082800000| Complete 
|  41|0x0000000082900000, 0x0000000082a00000, 0x0000000082a00000|100%| O|  |TAMS 0x0000000082a00000, 0x0000000082900000| Complete 
|  42|0x0000000082a00000, 0x0000000082b00000, 0x0000000082b00000|100%| O|  |TAMS 0x0000000082b00000, 0x0000000082a00000| Untracked 
|  43|0x0000000082b00000, 0x0000000082c00000, 0x0000000082c00000|100%| O|  |TAMS 0x0000000082c00000, 0x0000000082b00000| Untracked 
|  44|0x0000000082c00000, 0x0000000082d00000, 0x0000000082d00000|100%| O|  |TAMS 0x0000000082d00000, 0x0000000082c00000| Untracked 
|  45|0x0000000082d00000, 0x0000000082e00000, 0x0000000082e00000|100%| O|  |TAMS 0x0000000082e00000, 0x0000000082d00000| Untracked 
|  46|0x0000000082e00000, 0x0000000082f00000, 0x0000000082f00000|100%| O|  |TAMS 0x0000000082f00000, 0x0000000082e00000| Untracked 
|  47|0x0000000082f00000, 0x0000000083000000, 0x0000000083000000|100%| O|  |TAMS 0x0000000083000000, 0x0000000082f00000| Untracked 
|  48|0x0000000083000000, 0x0000000083100000, 0x0000000083100000|100%| O|  |TAMS 0x0000000083100000, 0x0000000083000000| Untracked 
|  49|0x0000000083100000, 0x0000000083200000, 0x0000000083200000|100%| O|  |TAMS 0x0000000083200000, 0x0000000083100000| Untracked 
|  50|0x0000000083200000, 0x0000000083300000, 0x0000000083300000|100%| O|  |TAMS 0x0000000083300000, 0x0000000083200000| Complete 
|  51|0x0000000083300000, 0x0000000083400000, 0x0000000083400000|100%| O|  |TAMS 0x0000000083400000, 0x0000000083300000| Untracked 
|  52|0x0000000083400000, 0x0000000083500000, 0x0000000083500000|100%| O|  |TAMS 0x0000000083500000, 0x0000000083400000| Complete 
|  53|0x0000000083500000, 0x0000000083600000, 0x0000000083600000|100%| O|  |TAMS 0x0000000083600000, 0x0000000083500000| Complete 
|  54|0x0000000083600000, 0x0000000083700000, 0x0000000083700000|100%| O|  |TAMS 0x0000000083700000, 0x0000000083600000| Untracked 
|  55|0x0000000083700000, 0x0000000083800000, 0x0000000083800000|100%| O|  |TAMS 0x0000000083800000, 0x0000000083700000| Complete 
|  56|0x0000000083800000, 0x0000000083900000, 0x0000000083900000|100%| O|  |TAMS 0x0000000083900000, 0x0000000083800000| Complete 
|  57|0x0000000083900000, 0x0000000083a00000, 0x0000000083a00000|100%| O|  |TAMS 0x0000000083a00000, 0x0000000083900000| Complete 
|  58|0x0000000083a00000, 0x0000000083b00000, 0x0000000083b00000|100%| O|  |TAMS 0x0000000083b00000, 0x0000000083a00000| Complete 
|  59|0x0000000083b00000, 0x0000000083c00000, 0x0000000083c00000|100%| O|  |TAMS 0x0000000083c00000, 0x0000000083b00000| Untracked 
|  60|0x0000000083c00000, 0x0000000083d00000, 0x0000000083d00000|100%| O|  |TAMS 0x0000000083d00000, 0x0000000083c00000| Complete 
|  61|0x0000000083d00000, 0x0000000083e00000, 0x0000000083e00000|100%| O|  |TAMS 0x0000000083e00000, 0x0000000083d00000| Complete 
|  62|0x0000000083e00000, 0x0000000083f00000, 0x0000000083f00000|100%| O|  |TAMS 0x0000000083f00000, 0x0000000083e00000| Complete 
|  63|0x0000000083f00000, 0x0000000084000000, 0x0000000084000000|100%| O|  |TAMS 0x0000000084000000, 0x0000000083f00000| Complete 
|  64|0x0000000084000000, 0x0000000084100000, 0x0000000084100000|100%| O|  |TAMS 0x0000000084100000, 0x0000000084000000| Complete 
|  65|0x0000000084100000, 0x0000000084200000, 0x0000000084200000|100%| O|  |TAMS 0x0000000084200000, 0x0000000084100000| Untracked 
|  66|0x0000000084200000, 0x0000000084300000, 0x0000000084300000|100%| O|  |TAMS 0x0000000084300000, 0x0000000084200000| Untracked 
|  67|0x0000000084300000, 0x0000000084400000, 0x0000000084400000|100%| O|  |TAMS 0x0000000084400000, 0x0000000084300000| Untracked 
|  68|0x0000000084400000, 0x0000000084500000, 0x0000000084500000|100%| O|  |TAMS 0x0000000084500000, 0x0000000084400000| Complete 
|  69|0x0000000084500000, 0x0000000084600000, 0x0000000084600000|100%| O|  |TAMS 0x0000000084600000, 0x0000000084500000| Complete 
|  70|0x0000000084600000, 0x0000000084700000, 0x0000000084700000|100%| O|  |TAMS 0x0000000084700000, 0x0000000084600000| Complete 
|  71|0x0000000084700000, 0x0000000084800000, 0x0000000084800000|100%| O|  |TAMS 0x0000000084800000, 0x0000000084700000| Complete 
|  72|0x0000000084800000, 0x0000000084900000, 0x0000000084900000|100%| O|  |TAMS 0x0000000084900000, 0x0000000084800000| Complete 
|  73|0x0000000084900000, 0x0000000084a00000, 0x0000000084a00000|100%| O|  |TAMS 0x0000000084a00000, 0x0000000084900000| Complete 
|  74|0x0000000084a00000, 0x0000000084b00000, 0x0000000084b00000|100%| O|  |TAMS 0x0000000084b00000, 0x0000000084a00000| Complete 
|  75|0x0000000084b00000, 0x0000000084c00000, 0x0000000084c00000|100%| O|  |TAMS 0x0000000084c00000, 0x0000000084b00000| Complete 
|  76|0x0000000084c00000, 0x0000000084d00000, 0x0000000084d00000|100%| O|  |TAMS 0x0000000084d00000, 0x0000000084c00000| Untracked 
|  77|0x0000000084d00000, 0x0000000084e00000, 0x0000000084e00000|100%| O|  |TAMS 0x0000000084e00000, 0x0000000084d00000| Untracked 
|  78|0x0000000084e00000, 0x0000000084f00000, 0x0000000084f00000|100%| O|  |TAMS 0x0000000084f00000, 0x0000000084e00000| Complete 
|  79|0x0000000084f00000, 0x0000000085000000, 0x0000000085000000|100%|HS|  |TAMS 0x0000000085000000, 0x0000000084f00000| Complete 
|  80|0x0000000085000000, 0x0000000085100000, 0x0000000085100000|100%|HC|  |TAMS 0x0000000085100000, 0x0000000085000000| Complete 
|  81|0x0000000085100000, 0x0000000085200000, 0x0000000085200000|100%| O|  |TAMS 0x0000000085200000, 0x0000000085100000| Complete 
|  82|0x0000000085200000, 0x0000000085300000, 0x0000000085300000|100%| O|  |TAMS 0x0000000085300000, 0x0000000085200000| Complete 
|  83|0x0000000085300000, 0x0000000085400000, 0x0000000085400000|100%| O|  |TAMS 0x0000000085400000, 0x0000000085300000| Complete 
|  84|0x0000000085400000, 0x0000000085500000, 0x0000000085500000|100%| O|  |TAMS 0x0000000085500000, 0x0000000085400000| Complete 
|  85|0x0000000085500000, 0x0000000085600000, 0x0000000085600000|100%| O|  |TAMS 0x0000000085600000, 0x0000000085500000| Complete 
|  86|0x0000000085600000, 0x0000000085700000, 0x0000000085700000|100%| O|  |TAMS 0x0000000085700000, 0x0000000085600000| Untracked 
|  87|0x0000000085700000, 0x0000000085800000, 0x0000000085800000|100%| O|  |TAMS 0x0000000085800000, 0x0000000085700000| Untracked 
|  88|0x0000000085800000, 0x0000000085900000, 0x0000000085900000|100%| O|  |TAMS 0x0000000085900000, 0x0000000085800000| Complete 
|  89|0x0000000085900000, 0x0000000085a00000, 0x0000000085a00000|100%| O|  |TAMS 0x0000000085a00000, 0x0000000085900000| Complete 
|  90|0x0000000085a00000, 0x0000000085b00000, 0x0000000085b00000|100%| O|  |TAMS 0x0000000085b00000, 0x0000000085a00000| Complete 
|  91|0x0000000085b00000, 0x0000000085c00000, 0x0000000085c00000|100%| O|  |TAMS 0x0000000085c00000, 0x0000000085b00000| Complete 
|  92|0x0000000085c00000, 0x0000000085d00000, 0x0000000085d00000|100%| O|  |TAMS 0x0000000085d00000, 0x0000000085c00000| Complete 
|  93|0x0000000085d00000, 0x0000000085e00000, 0x0000000085e00000|100%| O|  |TAMS 0x0000000085e00000, 0x0000000085d00000| Complete 
|  94|0x0000000085e00000, 0x0000000085f00000, 0x0000000085f00000|100%| O|  |TAMS 0x0000000085f00000, 0x0000000085e00000| Complete 
|  95|0x0000000085f00000, 0x0000000086000000, 0x0000000086000000|100%| O|  |TAMS 0x0000000086000000, 0x0000000085f00000| Complete 
|  96|0x0000000086000000, 0x0000000086100000, 0x0000000086100000|100%| O|  |TAMS 0x0000000086100000, 0x0000000086000000| Untracked 
|  97|0x0000000086100000, 0x0000000086200000, 0x0000000086200000|100%| O|  |TAMS 0x0000000086200000, 0x0000000086100000| Untracked 
|  98|0x0000000086200000, 0x0000000086300000, 0x0000000086300000|100%| O|  |TAMS 0x0000000086300000, 0x0000000086200000| Untracked 
|  99|0x0000000086300000, 0x0000000086400000, 0x0000000086400000|100%| O|  |TAMS 0x0000000086400000, 0x0000000086300000| Untracked 
| 100|0x0000000086400000, 0x0000000086500000, 0x0000000086500000|100%| O|  |TAMS 0x0000000086500000, 0x0000000086400000| Untracked 
| 101|0x0000000086500000, 0x00000000865c2a00, 0x0000000086600000| 76%| O|  |TAMS 0x00000000865c2a00, 0x0000000086500000| Untracked 
| 102|0x0000000086600000, 0x0000000086700000, 0x0000000086700000|100%| O|  |TAMS 0x0000000086700000, 0x0000000086600000| Complete 
| 103|0x0000000086700000, 0x0000000086700000, 0x0000000086800000|  0%| F|  |TAMS 0x0000000086700000, 0x0000000086700000| Untracked 
| 104|0x0000000086800000, 0x0000000086900000, 0x0000000086900000|100%| O|  |TAMS 0x0000000086900000, 0x0000000086800000| Complete 
| 105|0x0000000086900000, 0x0000000086a00000, 0x0000000086a00000|100%| O|  |TAMS 0x0000000086a00000, 0x0000000086900000| Complete 
| 106|0x0000000086a00000, 0x0000000086b00000, 0x0000000086b00000|100%|HS|  |TAMS 0x0000000086a00000, 0x0000000086a00000| Complete 
| 107|0x0000000086b00000, 0x0000000086c00000, 0x0000000086c00000|100%|HC|  |TAMS 0x0000000086b00000, 0x0000000086b00000| Complete 
| 108|0x0000000086c00000, 0x0000000086c00000, 0x0000000086d00000|  0%| F|  |TAMS 0x0000000086c00000, 0x0000000086c00000| Untracked 
| 109|0x0000000086d00000, 0x0000000086e00000, 0x0000000086e00000|100%| O|  |TAMS 0x0000000086e00000, 0x0000000086d00000| Complete 
| 110|0x0000000086e00000, 0x0000000086f00000, 0x0000000086f00000|100%| O|  |TAMS 0x0000000086f00000, 0x0000000086e00000| Complete 
| 111|0x0000000086f00000, 0x0000000087000000, 0x0000000087000000|100%| O|  |TAMS 0x0000000087000000, 0x0000000086f00000| Complete 
| 112|0x0000000087000000, 0x0000000087000000, 0x0000000087100000|  0%| F|  |TAMS 0x0000000087000000, 0x0000000087000000| Untracked 
| 113|0x0000000087100000, 0x0000000087100000, 0x0000000087200000|  0%| F|  |TAMS 0x0000000087100000, 0x0000000087100000| Untracked 
| 114|0x0000000087200000, 0x0000000087300000, 0x0000000087300000|100%| O|  |TAMS 0x0000000087300000, 0x0000000087200000| Complete 
| 115|0x0000000087300000, 0x0000000087300000, 0x0000000087400000|  0%| F|  |TAMS 0x0000000087300000, 0x0000000087300000| Untracked 
| 116|0x0000000087400000, 0x0000000087400000, 0x0000000087500000|  0%| F|  |TAMS 0x0000000087400000, 0x0000000087400000| Untracked 
| 117|0x0000000087500000, 0x0000000087500000, 0x0000000087600000|  0%| F|  |TAMS 0x0000000087500000, 0x0000000087500000| Untracked 
| 118|0x0000000087600000, 0x0000000087600000, 0x0000000087700000|  0%| F|  |TAMS 0x0000000087600000, 0x0000000087600000| Untracked 
| 119|0x0000000087700000, 0x0000000087700000, 0x0000000087800000|  0%| F|  |TAMS 0x0000000087700000, 0x0000000087700000| Untracked 
| 120|0x0000000087800000, 0x0000000087800000, 0x0000000087900000|  0%| F|  |TAMS 0x0000000087800000, 0x0000000087800000| Untracked 
| 121|0x0000000087900000, 0x0000000087900000, 0x0000000087a00000|  0%| F|  |TAMS 0x0000000087900000, 0x0000000087900000| Untracked 
| 122|0x0000000087a00000, 0x0000000087a00000, 0x0000000087b00000|  0%| F|  |TAMS 0x0000000087a00000, 0x0000000087a00000| Untracked 
| 123|0x0000000087b00000, 0x0000000087b00000, 0x0000000087c00000|  0%| F|  |TAMS 0x0000000087b00000, 0x0000000087b00000| Untracked 
| 124|0x0000000087c00000, 0x0000000087c00000, 0x0000000087d00000|  0%| F|  |TAMS 0x0000000087c00000, 0x0000000087c00000| Untracked 
| 125|0x0000000087d00000, 0x0000000087d00000, 0x0000000087e00000|  0%| F|  |TAMS 0x0000000087d00000, 0x0000000087d00000| Untracked 
| 126|0x0000000087e00000, 0x0000000087e00000, 0x0000000087f00000|  0%| F|  |TAMS 0x0000000087e00000, 0x0000000087e00000| Untracked 
| 127|0x0000000087f00000, 0x0000000087f00000, 0x0000000088000000|  0%| F|  |TAMS 0x0000000087f00000, 0x0000000087f00000| Untracked 
| 128|0x0000000088000000, 0x0000000088000000, 0x0000000088100000|  0%| F|  |TAMS 0x0000000088000000, 0x0000000088000000| Untracked 
| 129|0x0000000088100000, 0x0000000088100000, 0x0000000088200000|  0%| F|  |TAMS 0x0000000088100000, 0x0000000088100000| Untracked 
| 130|0x0000000088200000, 0x0000000088200000, 0x0000000088300000|  0%| F|  |TAMS 0x0000000088200000, 0x0000000088200000| Untracked 
| 131|0x0000000088300000, 0x0000000088300000, 0x0000000088400000|  0%| F|  |TAMS 0x0000000088300000, 0x0000000088300000| Untracked 
| 132|0x0000000088400000, 0x0000000088400000, 0x0000000088500000|  0%| F|  |TAMS 0x0000000088400000, 0x0000000088400000| Untracked 
| 133|0x0000000088500000, 0x0000000088500000, 0x0000000088600000|  0%| F|  |TAMS 0x0000000088500000, 0x0000000088500000| Untracked 
| 134|0x0000000088600000, 0x0000000088600000, 0x0000000088700000|  0%| F|  |TAMS 0x0000000088600000, 0x0000000088600000| Untracked 
| 135|0x0000000088700000, 0x0000000088700000, 0x0000000088800000|  0%| F|  |TAMS 0x0000000088700000, 0x0000000088700000| Untracked 
| 136|0x0000000088800000, 0x0000000088800000, 0x0000000088900000|  0%| F|  |TAMS 0x0000000088800000, 0x0000000088800000| Untracked 
| 137|0x0000000088900000, 0x0000000088900000, 0x0000000088a00000|  0%| F|  |TAMS 0x0000000088900000, 0x0000000088900000| Untracked 
| 138|0x0000000088a00000, 0x0000000088a00000, 0x0000000088b00000|  0%| F|  |TAMS 0x0000000088a00000, 0x0000000088a00000| Untracked 
| 139|0x0000000088b00000, 0x0000000088b00000, 0x0000000088c00000|  0%| F|  |TAMS 0x0000000088b00000, 0x0000000088b00000| Untracked 
| 140|0x0000000088c00000, 0x0000000088c00000, 0x0000000088d00000|  0%| F|  |TAMS 0x0000000088c00000, 0x0000000088c00000| Untracked 
| 141|0x0000000088d00000, 0x0000000088d00000, 0x0000000088e00000|  0%| F|  |TAMS 0x0000000088d00000, 0x0000000088d00000| Untracked 
| 142|0x0000000088e00000, 0x0000000088e00000, 0x0000000088f00000|  0%| F|  |TAMS 0x0000000088e00000, 0x0000000088e00000| Untracked 
| 143|0x0000000088f00000, 0x0000000088f00000, 0x0000000089000000|  0%| F|  |TAMS 0x0000000088f00000, 0x0000000088f00000| Untracked 
| 144|0x0000000089000000, 0x0000000089000000, 0x0000000089100000|  0%| F|  |TAMS 0x0000000089000000, 0x0000000089000000| Untracked 
| 145|0x0000000089100000, 0x0000000089100000, 0x0000000089200000|  0%| F|  |TAMS 0x0000000089100000, 0x0000000089100000| Untracked 
| 146|0x0000000089200000, 0x0000000089200000, 0x0000000089300000|  0%| F|  |TAMS 0x0000000089200000, 0x0000000089200000| Untracked 
| 147|0x0000000089300000, 0x0000000089300000, 0x0000000089400000|  0%| F|  |TAMS 0x0000000089300000, 0x0000000089300000| Untracked 
| 148|0x0000000089400000, 0x0000000089400000, 0x0000000089500000|  0%| F|  |TAMS 0x0000000089400000, 0x0000000089400000| Untracked 
| 149|0x0000000089500000, 0x0000000089500000, 0x0000000089600000|  0%| F|  |TAMS 0x0000000089500000, 0x0000000089500000| Untracked 
| 150|0x0000000089600000, 0x0000000089600000, 0x0000000089700000|  0%| F|  |TAMS 0x0000000089600000, 0x0000000089600000| Untracked 
| 151|0x0000000089700000, 0x0000000089700000, 0x0000000089800000|  0%| F|  |TAMS 0x0000000089700000, 0x0000000089700000| Untracked 
| 152|0x0000000089800000, 0x0000000089800000, 0x0000000089900000|  0%| F|  |TAMS 0x0000000089800000, 0x0000000089800000| Untracked 
| 153|0x0000000089900000, 0x0000000089900000, 0x0000000089a00000|  0%| F|  |TAMS 0x0000000089900000, 0x0000000089900000| Untracked 
| 154|0x0000000089a00000, 0x0000000089a00000, 0x0000000089b00000|  0%| F|  |TAMS 0x0000000089a00000, 0x0000000089a00000| Untracked 
| 155|0x0000000089b00000, 0x0000000089b00000, 0x0000000089c00000|  0%| F|  |TAMS 0x0000000089b00000, 0x0000000089b00000| Untracked 
| 156|0x0000000089c00000, 0x0000000089c00000, 0x0000000089d00000|  0%| F|  |TAMS 0x0000000089c00000, 0x0000000089c00000| Untracked 
| 157|0x0000000089d00000, 0x0000000089d00000, 0x0000000089e00000|  0%| F|  |TAMS 0x0000000089d00000, 0x0000000089d00000| Untracked 
| 158|0x0000000089e00000, 0x0000000089e00000, 0x0000000089f00000|  0%| F|  |TAMS 0x0000000089e00000, 0x0000000089e00000| Untracked 
| 159|0x0000000089f00000, 0x0000000089f00000, 0x000000008a000000|  0%| F|  |TAMS 0x0000000089f00000, 0x0000000089f00000| Untracked 
| 160|0x000000008a000000, 0x000000008a000000, 0x000000008a100000|  0%| F|  |TAMS 0x000000008a000000, 0x000000008a000000| Untracked 
| 161|0x000000008a100000, 0x000000008a100000, 0x000000008a200000|  0%| F|  |TAMS 0x000000008a100000, 0x000000008a100000| Untracked 
| 162|0x000000008a200000, 0x000000008a200000, 0x000000008a300000|  0%| F|  |TAMS 0x000000008a200000, 0x000000008a200000| Untracked 
| 163|0x000000008a300000, 0x000000008a300000, 0x000000008a400000|  0%| F|  |TAMS 0x000000008a300000, 0x000000008a300000| Untracked 
| 164|0x000000008a400000, 0x000000008a400000, 0x000000008a500000|  0%| F|  |TAMS 0x000000008a400000, 0x000000008a400000| Untracked 
| 165|0x000000008a500000, 0x000000008a500000, 0x000000008a600000|  0%| F|  |TAMS 0x000000008a500000, 0x000000008a500000| Untracked 
| 166|0x000000008a600000, 0x000000008a600000, 0x000000008a700000|  0%| F|  |TAMS 0x000000008a600000, 0x000000008a600000| Untracked 
| 167|0x000000008a700000, 0x000000008a700000, 0x000000008a800000|  0%| F|  |TAMS 0x000000008a700000, 0x000000008a700000| Untracked 
| 168|0x000000008a800000, 0x000000008a800000, 0x000000008a900000|  0%| F|  |TAMS 0x000000008a800000, 0x000000008a800000| Untracked 
| 169|0x000000008a900000, 0x000000008a900000, 0x000000008aa00000|  0%| F|  |TAMS 0x000000008a900000, 0x000000008a900000| Untracked 
| 170|0x000000008aa00000, 0x000000008aa00000, 0x000000008ab00000|  0%| F|  |TAMS 0x000000008aa00000, 0x000000008aa00000| Untracked 
| 171|0x000000008ab00000, 0x000000008ab00000, 0x000000008ac00000|  0%| F|  |TAMS 0x000000008ab00000, 0x000000008ab00000| Untracked 
| 172|0x000000008ac00000, 0x000000008ac00000, 0x000000008ad00000|  0%| F|  |TAMS 0x000000008ac00000, 0x000000008ac00000| Untracked 
| 173|0x000000008ad00000, 0x000000008ad00000, 0x000000008ae00000|  0%| F|  |TAMS 0x000000008ad00000, 0x000000008ad00000| Untracked 
| 174|0x000000008ae00000, 0x000000008ae00000, 0x000000008af00000|  0%| F|  |TAMS 0x000000008ae00000, 0x000000008ae00000| Untracked 
| 175|0x000000008af00000, 0x000000008af00000, 0x000000008b000000|  0%| F|  |TAMS 0x000000008af00000, 0x000000008af00000| Untracked 
| 176|0x000000008b000000, 0x000000008b000000, 0x000000008b100000|  0%| F|  |TAMS 0x000000008b000000, 0x000000008b000000| Untracked 
| 177|0x000000008b100000, 0x000000008b100000, 0x000000008b200000|  0%| F|  |TAMS 0x000000008b100000, 0x000000008b100000| Untracked 
| 178|0x000000008b200000, 0x000000008b200000, 0x000000008b300000|  0%| F|  |TAMS 0x000000008b200000, 0x000000008b200000| Untracked 
| 179|0x000000008b300000, 0x000000008b300000, 0x000000008b400000|  0%| F|  |TAMS 0x000000008b300000, 0x000000008b300000| Untracked 
| 180|0x000000008b400000, 0x000000008b400000, 0x000000008b500000|  0%| F|  |TAMS 0x000000008b400000, 0x000000008b400000| Untracked 
| 181|0x000000008b500000, 0x000000008b500000, 0x000000008b600000|  0%| F|  |TAMS 0x000000008b500000, 0x000000008b500000| Untracked 
| 182|0x000000008b600000, 0x000000008b600000, 0x000000008b700000|  0%| F|  |TAMS 0x000000008b600000, 0x000000008b600000| Untracked 
| 183|0x000000008b700000, 0x000000008b700000, 0x000000008b800000|  0%| F|  |TAMS 0x000000008b700000, 0x000000008b700000| Untracked 
| 184|0x000000008b800000, 0x000000008b800000, 0x000000008b900000|  0%| F|  |TAMS 0x000000008b800000, 0x000000008b800000| Untracked 
| 185|0x000000008b900000, 0x000000008b900000, 0x000000008ba00000|  0%| F|  |TAMS 0x000000008b900000, 0x000000008b900000| Untracked 
| 186|0x000000008ba00000, 0x000000008ba00000, 0x000000008bb00000|  0%| F|  |TAMS 0x000000008ba00000, 0x000000008ba00000| Untracked 
| 187|0x000000008bb00000, 0x000000008bb00000, 0x000000008bc00000|  0%| F|  |TAMS 0x000000008bb00000, 0x000000008bb00000| Untracked 
| 188|0x000000008bc00000, 0x000000008bc00000, 0x000000008bd00000|  0%| F|  |TAMS 0x000000008bc00000, 0x000000008bc00000| Untracked 
| 189|0x000000008bd00000, 0x000000008bd00000, 0x000000008be00000|  0%| F|  |TAMS 0x000000008bd00000, 0x000000008bd00000| Untracked 
| 190|0x000000008be00000, 0x000000008be00000, 0x000000008bf00000|  0%| F|  |TAMS 0x000000008be00000, 0x000000008be00000| Untracked 
| 191|0x000000008bf00000, 0x000000008bf00000, 0x000000008c000000|  0%| F|  |TAMS 0x000000008bf00000, 0x000000008bf00000| Untracked 
| 192|0x000000008c000000, 0x000000008c000000, 0x000000008c100000|  0%| F|  |TAMS 0x000000008c000000, 0x000000008c000000| Untracked 
| 193|0x000000008c100000, 0x000000008c100000, 0x000000008c200000|  0%| F|  |TAMS 0x000000008c100000, 0x000000008c100000| Untracked 
| 194|0x000000008c200000, 0x000000008c2fcd58, 0x000000008c300000| 98%| E|  |TAMS 0x000000008c200000, 0x000000008c200000| Complete 
| 195|0x000000008c300000, 0x000000008c400000, 0x000000008c400000|100%| E|CS|TAMS 0x000000008c300000, 0x000000008c300000| Complete 
| 196|0x000000008c400000, 0x000000008c500000, 0x000000008c500000|100%| E|CS|TAMS 0x000000008c400000, 0x000000008c400000| Complete 
| 197|0x000000008c500000, 0x000000008c600000, 0x000000008c600000|100%| E|CS|TAMS 0x000000008c500000, 0x000000008c500000| Complete 
| 198|0x000000008c600000, 0x000000008c700000, 0x000000008c700000|100%| E|CS|TAMS 0x000000008c600000, 0x000000008c600000| Complete 
| 199|0x000000008c700000, 0x000000008c800000, 0x000000008c800000|100%| E|CS|TAMS 0x000000008c700000, 0x000000008c700000| Complete 
| 200|0x000000008c800000, 0x000000008c900000, 0x000000008c900000|100%| E|CS|TAMS 0x000000008c800000, 0x000000008c800000| Complete 
| 201|0x000000008c900000, 0x000000008ca00000, 0x000000008ca00000|100%| E|CS|TAMS 0x000000008c900000, 0x000000008c900000| Complete 
| 202|0x000000008ca00000, 0x000000008cb00000, 0x000000008cb00000|100%| E|CS|TAMS 0x000000008ca00000, 0x000000008ca00000| Complete 
| 203|0x000000008cb00000, 0x000000008cc00000, 0x000000008cc00000|100%| E|CS|TAMS 0x000000008cb00000, 0x000000008cb00000| Complete 
| 204|0x000000008cc00000, 0x000000008cd00000, 0x000000008cd00000|100%| E|  |TAMS 0x000000008cc00000, 0x000000008cc00000| Complete 
| 205|0x000000008cd00000, 0x000000008ce00000, 0x000000008ce00000|100%| E|CS|TAMS 0x000000008cd00000, 0x000000008cd00000| Complete 
| 206|0x000000008ce00000, 0x000000008ce48968, 0x000000008cf00000| 28%| S|CS|TAMS 0x000000008ce00000, 0x000000008ce00000| Complete 
| 207|0x000000008cf00000, 0x000000008d000000, 0x000000008d000000|100%| S|CS|TAMS 0x000000008cf00000, 0x000000008cf00000| Complete 
| 208|0x000000008d000000, 0x000000008d100000, 0x000000008d100000|100%| E|CS|TAMS 0x000000008d000000, 0x000000008d000000| Complete 
| 209|0x000000008d100000, 0x000000008d200000, 0x000000008d200000|100%| E|CS|TAMS 0x000000008d100000, 0x000000008d100000| Complete 
| 210|0x000000008d200000, 0x000000008d300000, 0x000000008d300000|100%| E|CS|TAMS 0x000000008d200000, 0x000000008d200000| Complete 
| 211|0x000000008d300000, 0x000000008d400000, 0x000000008d400000|100%| E|CS|TAMS 0x000000008d300000, 0x000000008d300000| Complete 
| 212|0x000000008d400000, 0x000000008d500000, 0x000000008d500000|100%| E|CS|TAMS 0x000000008d400000, 0x000000008d400000| Complete 
| 213|0x000000008d500000, 0x000000008d600000, 0x000000008d600000|100%| E|CS|TAMS 0x000000008d500000, 0x000000008d500000| Complete 
| 214|0x000000008d600000, 0x000000008d700000, 0x000000008d700000|100%| E|CS|TAMS 0x000000008d600000, 0x000000008d600000| Complete 
| 215|0x000000008d700000, 0x000000008d800000, 0x000000008d800000|100%| E|CS|TAMS 0x000000008d700000, 0x000000008d700000| Complete 
| 216|0x000000008d800000, 0x000000008d900000, 0x000000008d900000|100%| E|CS|TAMS 0x000000008d800000, 0x000000008d800000| Complete 
| 217|0x000000008d900000, 0x000000008da00000, 0x000000008da00000|100%| E|CS|TAMS 0x000000008d900000, 0x000000008d900000| Complete 
| 218|0x000000008da00000, 0x000000008db00000, 0x000000008db00000|100%| E|CS|TAMS 0x000000008da00000, 0x000000008da00000| Complete 
| 219|0x000000008db00000, 0x000000008dc00000, 0x000000008dc00000|100%| E|CS|TAMS 0x000000008db00000, 0x000000008db00000| Complete 
| 220|0x000000008dc00000, 0x000000008dd00000, 0x000000008dd00000|100%| E|CS|TAMS 0x000000008dc00000, 0x000000008dc00000| Complete 
| 221|0x000000008dd00000, 0x000000008de00000, 0x000000008de00000|100%| E|CS|TAMS 0x000000008dd00000, 0x000000008dd00000| Complete 
| 222|0x000000008de00000, 0x000000008df00000, 0x000000008df00000|100%| E|CS|TAMS 0x000000008de00000, 0x000000008de00000| Complete 
| 223|0x000000008df00000, 0x000000008e000000, 0x000000008e000000|100%| E|CS|TAMS 0x000000008df00000, 0x000000008df00000| Complete 
| 224|0x000000008e000000, 0x000000008e100000, 0x000000008e100000|100%| E|CS|TAMS 0x000000008e000000, 0x000000008e000000| Complete 
| 225|0x000000008e100000, 0x000000008e200000, 0x000000008e200000|100%| E|CS|TAMS 0x000000008e100000, 0x000000008e100000| Complete 
| 226|0x000000008e200000, 0x000000008e300000, 0x000000008e300000|100%| E|CS|TAMS 0x000000008e200000, 0x000000008e200000| Complete 
| 227|0x000000008e300000, 0x000000008e400000, 0x000000008e400000|100%| E|CS|TAMS 0x000000008e300000, 0x000000008e300000| Complete 
| 228|0x000000008e400000, 0x000000008e500000, 0x000000008e500000|100%| E|CS|TAMS 0x000000008e400000, 0x000000008e400000| Complete 
| 229|0x000000008e500000, 0x000000008e600000, 0x000000008e600000|100%| E|CS|TAMS 0x000000008e500000, 0x000000008e500000| Complete 
| 230|0x000000008e600000, 0x000000008e700000, 0x000000008e700000|100%| E|CS|TAMS 0x000000008e600000, 0x000000008e600000| Complete 

Card table byte_map: [0x0000025cfd440000,0x0000025cfd840000] _byte_map_base: 0x0000025cfd040000

Marking Bits (Prev, Next): (CMBitMap*) 0x0000025cfcc702f8, (CMBitMap*) 0x0000025cfcc70330
 Prev Bits: [0x0000025cfdc40000, 0x0000025cffc40000)
 Next Bits: [0x0000025c92a20000, 0x0000025c94a20000)

Polling page: 0x0000025cfab90000

Metaspace:

Usage:
  Non-class:    107.24 MB capacity,   104.97 MB ( 98%) used,     1.81 MB (  2%) free+waste,   479.44 KB ( <1%) overhead. 
      Class:     16.36 MB capacity,    14.93 MB ( 91%) used,     1.22 MB (  7%) free+waste,   209.69 KB (  1%) overhead. 
       Both:    123.60 MB capacity,   119.90 MB ( 97%) used,     3.03 MB (  2%) free+waste,   689.13 KB ( <1%) overhead. 

Virtual space:
  Non-class space:      108.00 MB reserved,     107.75 MB (>99%) committed 
      Class space:        1.00 GB reserved,      16.82 MB (  2%) committed 
             Both:        1.11 GB reserved,     124.57 MB ( 11%) committed 

Chunk freelists:
   Non-Class:  329.00 KB
       Class:  472.00 KB
        Both:  801.00 KB

MaxMetaspaceSize: 17179869184.00 GB
CompressedClassSpaceSize: 1.00 GB

CodeHeap 'non-profiled nmethods': size=120000Kb used=16967Kb max_used=16967Kb free=103032Kb
 bounds [0x0000025c8b4f0000, 0x0000025c8c590000, 0x0000025c92a20000]
CodeHeap 'profiled nmethods': size=120000Kb used=54382Kb max_used=54382Kb free=65617Kb
 bounds [0x0000025c83fc0000, 0x0000025c87500000, 0x0000025c8b4f0000]
CodeHeap 'non-nmethods': size=5760Kb used=2354Kb max_used=2455Kb free=3405Kb
 bounds [0x0000025c83a20000, 0x0000025c83c90000, 0x0000025c83fc0000]
 total_blobs=25128 nmethods=24159 adapters=878
 compilation: enabled
              stopped_count=0, restarted_count=0
 full_count=0

Compilation events (20 events):
Event: 1762.703 Thread 0x0000025c979de000 26648       2       com.android.tools.r8.code.S::a (23 bytes)
Event: 1762.703 Thread 0x0000025c979de000 nmethod 26648 0x0000025c874ead90 code [0x0000025c874eaf40, 0x0000025c874eb088]
Event: 1762.703 Thread 0x0000025c979de000 26649       3       com.android.tools.r8.dex.m::a (285 bytes)
Event: 1762.705 Thread 0x0000025c979de000 nmethod 26649 0x0000025c874eb190 code [0x0000025c874eb500, 0x0000025c874ecc88]
Event: 1762.707 Thread 0x0000025c979de000 26650       2       org.gradle.execution.plan.DefaultExecutionPlan::recordNodeCompleted (144 bytes)
Event: 1762.709 Thread 0x0000025c979de000 nmethod 26650 0x0000025c874ed390 code [0x0000025c874ed620, 0x0000025c874edd58]
Event: 1762.710 Thread 0x0000025c979de000 26651       2       com.sun.org.apache.xerces.internal.utils.XMLSecurityManager::readSystemProperties (99 bytes)
Event: 1762.711 Thread 0x0000025c979de000 nmethod 26651 0x0000025c874ee210 code [0x0000025c874ee420, 0x0000025c874ee7e8]
Event: 1762.711 Thread 0x0000025c979de000 26652       2       com.android.manifmerger.PlaceholderHandler::isPlaceHolder (11 bytes)
Event: 1762.712 Thread 0x0000025c979de000 nmethod 26652 0x0000025c874eeb10 code [0x0000025c874eece0, 0x0000025c874eee18]
Event: 1762.720 Thread 0x0000025c979de000 26653       2       com.google.gson.internal.$Gson$Types$ParameterizedTypeImpl::getActualTypeArguments (11 bytes)
Event: 1762.720 Thread 0x0000025c979de000 nmethod 26653 0x0000025c874eef10 code [0x0000025c874ef0c0, 0x0000025c874ef228]
Event: 1762.722 Thread 0x0000025c979de000 26654       2       java.nio.charset.CharsetDecoder::onMalformedInput (26 bytes)
Event: 1762.723 Thread 0x0000025c979de000 nmethod 26654 0x0000025c874ef310 code [0x0000025c874ef4e0, 0x0000025c874ef6e8]
Event: 1762.723 Thread 0x0000025c979de000 26655       2       java.nio.charset.CharsetDecoder::implOnMalformedInput (1 bytes)
Event: 1762.723 Thread 0x0000025c979de000 nmethod 26655 0x0000025c874ef810 code [0x0000025c874ef9c0, 0x0000025c874efab8]
Event: 1762.723 Thread 0x0000025c979de000 26656       2       java.nio.charset.CharsetDecoder::onUnmappableCharacter (26 bytes)
Event: 1762.723 Thread 0x0000025c979de000 nmethod 26656 0x0000025c874efb90 code [0x0000025c874efd60, 0x0000025c874eff68]
Event: 1762.723 Thread 0x0000025c979de000 26657       2       java.nio.charset.CharsetDecoder::implOnUnmappableCharacter (1 bytes)
Event: 1762.723 Thread 0x0000025c979de000 nmethod 26657 0x0000025c874f0090 code [0x0000025c874f0240, 0x0000025c874f0338]

GC Heap History (20 events):
Event: 1626.645 GC heap before
{Heap before GC invocations=84 (full 0):
 garbage-first heap   total 236544K, used 134722K [0x0000000080000000, 0x0000000100000000)
  region size 1024K, 21 young (21504K), 2 survivors (2048K)
 Metaspace       used 122158K, capacity 125934K, committed 126796K, reserved 1159168K
  class space    used 15289K, capacity 16747K, committed 17228K, reserved 1048576K
}
Event: 1626.651 GC heap after
{Heap after GC invocations=85 (full 0):
 garbage-first heap   total 236544K, used 116187K [0x0000000080000000, 0x0000000100000000)
  region size 1024K, 2 young (2048K), 2 survivors (2048K)
 Metaspace       used 122158K, capacity 125934K, committed 126796K, reserved 1159168K
  class space    used 15289K, capacity 16747K, committed 17228K, reserved 1048576K
}
Event: 1679.045 GC heap before
{Heap before GC invocations=86 (full 0):
 garbage-first heap   total 236544K, used 181723K [0x0000000080000000, 0x0000000100000000)
  region size 1024K, 68 young (69632K), 2 survivors (2048K)
 Metaspace       used 122387K, capacity 126139K, committed 127052K, reserved 1159168K
  class space    used 15289K, capacity 16747K, committed 17228K, reserved 1048576K
}
Event: 1679.051 GC heap after
{Heap after GC invocations=87 (full 0):
 garbage-first heap   total 236544K, used 116003K [0x0000000080000000, 0x0000000100000000)
  region size 1024K, 4 young (4096K), 4 survivors (4096K)
 Metaspace       used 122387K, capacity 126139K, committed 127052K, reserved 1159168K
  class space    used 15289K, capacity 16747K, committed 17228K, reserved 1048576K
}
Event: 1679.079 GC heap before
{Heap before GC invocations=87 (full 0):
 garbage-first heap   total 236544K, used 122147K [0x0000000080000000, 0x0000000100000000)
  region size 1024K, 11 young (11264K), 4 survivors (4096K)
 Metaspace       used 122387K, capacity 126139K, committed 127052K, reserved 1159168K
  class space    used 15289K, capacity 16747K, committed 17228K, reserved 1048576K
}
Event: 1679.089 GC heap after
{Heap after GC invocations=88 (full 0):
 garbage-first heap   total 236544K, used 105466K [0x0000000080000000, 0x0000000100000000)
  region size 1024K, 1 young (1024K), 1 survivors (1024K)
 Metaspace       used 122387K, capacity 126139K, committed 127052K, reserved 1159168K
  class space    used 15289K, capacity 16747K, committed 17228K, reserved 1048576K
}
Event: 1679.547 GC heap before
{Heap before GC invocations=88 (full 0):
 garbage-first heap   total 236544K, used 135162K [0x0000000080000000, 0x0000000100000000)
  region size 1024K, 32 young (32768K), 1 survivors (1024K)
 Metaspace       used 122437K, capacity 126204K, committed 127052K, reserved 1159168K
  class space    used 15289K, capacity 16747K, committed 17228K, reserved 1048576K
}
Event: 1679.586 GC heap after
{Heap after GC invocations=89 (full 0):
 garbage-first heap   total 236544K, used 110472K [0x0000000080000000, 0x0000000100000000)
  region size 1024K, 6 young (6144K), 6 survivors (6144K)
 Metaspace       used 122437K, capacity 126204K, committed 127052K, reserved 1159168K
  class space    used 15289K, capacity 16747K, committed 17228K, reserved 1048576K
}
Event: 1680.714 GC heap before
{Heap before GC invocations=90 (full 0):
 garbage-first heap   total 236544K, used 181128K [0x0000000080000000, 0x0000000100000000)
  region size 1024K, 76 young (77824K), 6 survivors (6144K)
 Metaspace       used 122494K, capacity 126336K, committed 127308K, reserved 1159168K
  class space    used 15289K, capacity 16747K, committed 17228K, reserved 1048576K
}
Event: 1680.724 GC heap after
{Heap after GC invocations=91 (full 0):
 garbage-first heap   total 236544K, used 109761K [0x0000000080000000, 0x0000000100000000)
  region size 1024K, 2 young (2048K), 2 survivors (2048K)
 Metaspace       used 122494K, capacity 126336K, committed 127308K, reserved 1159168K
  class space    used 15289K, capacity 16747K, committed 17228K, reserved 1048576K
}
Event: 1680.799 GC heap before
{Heap before GC invocations=91 (full 0):
 garbage-first heap   total 236544K, used 121025K [0x0000000080000000, 0x0000000100000000)
  region size 1024K, 11 young (11264K), 2 survivors (2048K)
 Metaspace       used 122503K, capacity 126339K, committed 127308K, reserved 1159168K
  class space    used 15289K, capacity 16747K, committed 17228K, reserved 1048576K
}
Event: 1680.804 GC heap after
{Heap after GC invocations=92 (full 0):
 garbage-first heap   total 236544K, used 99280K [0x0000000080000000, 0x0000000100000000)
  region size 1024K, 2 young (2048K), 2 survivors (2048K)
 Metaspace       used 122503K, capacity 126339K, committed 127308K, reserved 1159168K
  class space    used 15289K, capacity 16747K, committed 17228K, reserved 1048576K
}
Event: 1760.455 GC heap before
{Heap before GC invocations=92 (full 0):
 garbage-first heap   total 236544K, used 179152K [0x0000000080000000, 0x0000000100000000)
  region size 1024K, 81 young (82944K), 2 survivors (2048K)
 Metaspace       used 122633K, capacity 126419K, committed 127308K, reserved 1159168K
  class space    used 15291K, capacity 16749K, committed 17228K, reserved 1048576K
}
Event: 1760.476 GC heap after
{Heap after GC invocations=93 (full 0):
 garbage-first heap   total 236544K, used 101743K [0x0000000080000000, 0x0000000100000000)
  region size 1024K, 6 young (6144K), 6 survivors (6144K)
 Metaspace       used 122633K, capacity 126419K, committed 127308K, reserved 1159168K
  class space    used 15291K, capacity 16749K, committed 17228K, reserved 1048576K
}
Event: 1762.122 GC heap before
{Heap before GC invocations=94 (full 0):
 garbage-first heap   total 236544K, used 184687K [0x0000000080000000, 0x0000000100000000)
  region size 1024K, 86 young (88064K), 6 survivors (6144K)
 Metaspace       used 122682K, capacity 126554K, committed 127564K, reserved 1159168K
  class space    used 15291K, capacity 16749K, committed 17228K, reserved 1048576K
}
Event: 1762.147 GC heap after
{Heap after GC invocations=95 (full 0):
 garbage-first heap   total 236544K, used 114114K [0x0000000080000000, 0x0000000100000000)
  region size 1024K, 11 young (11264K), 11 survivors (11264K)
 Metaspace       used 122682K, capacity 126554K, committed 127564K, reserved 1159168K
  class space    used 15291K, capacity 16749K, committed 17228K, reserved 1048576K
}
Event: 1762.174 GC heap before
{Heap before GC invocations=95 (full 0):
 garbage-first heap   total 236544K, used 115138K [0x0000000080000000, 0x0000000100000000)
  region size 1024K, 12 young (12288K), 11 survivors (11264K)
 Metaspace       used 122682K, capacity 126554K, committed 127564K, reserved 1159168K
  class space    used 15291K, capacity 16749K, committed 17228K, reserved 1048576K
}
Event: 1762.188 GC heap after
{Heap after GC invocations=96 (full 0):
 garbage-first heap   total 236544K, used 115125K [0x0000000080000000, 0x0000000100000000)
  region size 1024K, 2 young (2048K), 2 survivors (2048K)
 Metaspace       used 122682K, capacity 126554K, committed 127564K, reserved 1159168K
  class space    used 15291K, capacity 16749K, committed 17228K, reserved 1048576K
}
Event: 1762.370 GC heap before
{Heap before GC invocations=96 (full 0):
 garbage-first heap   total 236544K, used 135605K [0x0000000080000000, 0x0000000100000000)
  region size 1024K, 23 young (23552K), 2 survivors (2048K)
 Metaspace       used 122705K, capacity 126556K, committed 127564K, reserved 1159168K
  class space    used 15291K, capacity 16749K, committed 17228K, reserved 1048576K
}
Event: 1762.378 GC heap after
{Heap after GC invocations=97 (full 0):
 garbage-first heap   total 236544K, used 114732K [0x0000000080000000, 0x0000000100000000)
  region size 1024K, 2 young (2048K), 2 survivors (2048K)
 Metaspace       used 122705K, capacity 126556K, committed 127564K, reserved 1159168K
  class space    used 15291K, capacity 16749K, committed 17228K, reserved 1048576K
}

Deoptimization events (20 events):
Event: 1680.966 Thread 0x0000025c9aaeb800 Uncommon trap: trap_request=0xffffffde fr.pc=0x0000025c8c4c6bb8 relative=0x0000000000000338
Event: 1680.966 Thread 0x0000025c9aaeb800 Uncommon trap: reason=class_check action=maybe_recompile pc=0x0000025c8c4c6bb8 method=com.android.tools.r8.internal.OI0.a(Lcom/android/tools/r8/graph/W0;Lcom/android/tools/r8/graph/W0;)I @ 5 c2
Event: 1680.966 Thread 0x0000025c9aaeb800 DEOPT PACKING pc=0x0000025c8c4c6bb8 sp=0x000000ca52afcb80
Event: 1680.966 Thread 0x0000025c9aaeb800 DEOPT UNPACKING pc=0x0000025c83a4662f sp=0x000000ca52afcb20 mode 2
Event: 1680.966 Thread 0x0000025c9aaeb800 Uncommon trap: trap_request=0xffffffde fr.pc=0x0000025c8c4c6bb8 relative=0x0000000000000338
Event: 1680.966 Thread 0x0000025c9aaeb800 Uncommon trap: reason=class_check action=maybe_recompile pc=0x0000025c8c4c6bb8 method=com.android.tools.r8.internal.OI0.a(Lcom/android/tools/r8/graph/W0;Lcom/android/tools/r8/graph/W0;)I @ 5 c2
Event: 1680.966 Thread 0x0000025c9aaeb800 DEOPT PACKING pc=0x0000025c8c4c6bb8 sp=0x000000ca52afcb80
Event: 1680.966 Thread 0x0000025c9aaeb800 DEOPT UNPACKING pc=0x0000025c83a4662f sp=0x000000ca52afcb20 mode 2
Event: 1761.907 Thread 0x0000025c9f02e800 DEOPT PACKING pc=0x0000025c86372940 sp=0x000000ca512f8810
Event: 1761.907 Thread 0x0000025c9f02e800 DEOPT UNPACKING pc=0x0000025c83a46dde sp=0x000000ca512f7da0 mode 0
Event: 1762.039 Thread 0x0000025c9f02e800 DEOPT PACKING pc=0x0000025c8571de8e sp=0x000000ca512f6e50
Event: 1762.039 Thread 0x0000025c9f02e800 DEOPT UNPACKING pc=0x0000025c83a46dde sp=0x000000ca512f6338 mode 0
Event: 1762.551 Thread 0x0000025c9aaec800 DEOPT PACKING pc=0x0000025c8683849f sp=0x000000ca528fc560
Event: 1762.551 Thread 0x0000025c9aaec800 DEOPT UNPACKING pc=0x0000025c83a46dde sp=0x000000ca528fb9f0 mode 0
Event: 1762.609 Thread 0x0000025c9aaec800 DEOPT PACKING pc=0x0000025c8683849f sp=0x000000ca528fb630
Event: 1762.609 Thread 0x0000025c9aaec800 DEOPT UNPACKING pc=0x0000025c83a46dde sp=0x000000ca528faac0 mode 0
Event: 1762.641 Thread 0x0000025c9aaec800 DEOPT PACKING pc=0x0000025c8683849f sp=0x000000ca528fc300
Event: 1762.641 Thread 0x0000025c9aaec800 DEOPT UNPACKING pc=0x0000025c83a46dde sp=0x000000ca528fb790 mode 0
Event: 1762.703 Thread 0x0000025c9aaed000 DEOPT PACKING pc=0x0000025c869380e5 sp=0x000000ca52efd0d0
Event: 1762.703 Thread 0x0000025c9aaed000 DEOPT UNPACKING pc=0x0000025c83a46dde sp=0x000000ca52efc5a8 mode 0

Classes redefined (0 events):
No events

Internal exceptions (20 events):
Event: 1762.165 Thread 0x0000025c9f02e800 Exception <a 'sun/nio/fs/WindowsException'{0x000000008e681788}> (0x000000008e681788) thrown at [./src/hotspot/share/prims/jni.cpp, line 615]
Event: 1762.168 Thread 0x0000025c9f02e800 Exception <a 'sun/nio/fs/WindowsException'{0x000000008e6951a8}> (0x000000008e6951a8) thrown at [./src/hotspot/share/prims/jni.cpp, line 615]
Event: 1762.208 Thread 0x0000025c9f02e800 Exception <a 'sun/nio/fs/WindowsException'{0x000000008e2e5010}> (0x000000008e2e5010) thrown at [./src/hotspot/share/prims/jni.cpp, line 615]
Event: 1762.210 Thread 0x0000025c9f02e800 Exception <a 'sun/nio/fs/WindowsException'{0x000000008e2eb898}> (0x000000008e2eb898) thrown at [./src/hotspot/share/prims/jni.cpp, line 615]
Event: 1762.213 Thread 0x0000025c9f02e800 Exception <a 'sun/nio/fs/WindowsException'{0x000000008e2f0c88}> (0x000000008e2f0c88) thrown at [./src/hotspot/share/prims/jni.cpp, line 615]
Event: 1762.214 Thread 0x0000025c9f02e800 Exception <a 'sun/nio/fs/WindowsException'{0x000000008e2f69b0}> (0x000000008e2f69b0) thrown at [./src/hotspot/share/prims/jni.cpp, line 615]
Event: 1762.216 Thread 0x0000025c9f02e800 Exception <a 'sun/nio/fs/WindowsException'{0x000000008e2fcf00}> (0x000000008e2fcf00) thrown at [./src/hotspot/share/prims/jni.cpp, line 615]
Event: 1762.218 Thread 0x0000025c9f02e800 Exception <a 'sun/nio/fs/WindowsException'{0x000000008e107188}> (0x000000008e107188) thrown at [./src/hotspot/share/prims/jni.cpp, line 615]
Event: 1762.221 Thread 0x0000025c9f02e800 Exception <a 'sun/nio/fs/WindowsException'{0x000000008e117e10}> (0x000000008e117e10) thrown at [./src/hotspot/share/prims/jni.cpp, line 615]
Event: 1762.234 Thread 0x0000025c9f02e800 Exception <a 'sun/nio/fs/WindowsException'{0x000000008dfbee48}> (0x000000008dfbee48) thrown at [./src/hotspot/share/prims/jni.cpp, line 615]
Event: 1762.235 Thread 0x0000025c9f02e800 Exception <a 'sun/nio/fs/WindowsException'{0x000000008dfc5188}> (0x000000008dfc5188) thrown at [./src/hotspot/share/prims/jni.cpp, line 615]
Event: 1762.236 Thread 0x0000025c9f02e800 Exception <a 'sun/nio/fs/WindowsException'{0x000000008dfca280}> (0x000000008dfca280) thrown at [./src/hotspot/share/prims/jni.cpp, line 615]
Event: 1762.237 Thread 0x0000025c9f02e800 Exception <a 'sun/nio/fs/WindowsException'{0x000000008dfcf010}> (0x000000008dfcf010) thrown at [./src/hotspot/share/prims/jni.cpp, line 615]
Event: 1762.238 Thread 0x0000025c9f02e800 Exception <a 'sun/nio/fs/WindowsException'{0x000000008dfd43f8}> (0x000000008dfd43f8) thrown at [./src/hotspot/share/prims/jni.cpp, line 615]
Event: 1762.238 Thread 0x0000025c9f02e800 Exception <a 'sun/nio/fs/WindowsException'{0x000000008dfd9818}> (0x000000008dfd9818) thrown at [./src/hotspot/share/prims/jni.cpp, line 615]
Event: 1762.239 Thread 0x0000025c9f02e800 Exception <a 'sun/nio/fs/WindowsException'{0x000000008dfe3b38}> (0x000000008dfe3b38) thrown at [./src/hotspot/share/prims/jni.cpp, line 615]
Event: 1762.483 Thread 0x0000025c9aaec800 Exception <a 'sun/nio/fs/WindowsException'{0x000000008dce4810}> (0x000000008dce4810) thrown at [./src/hotspot/share/prims/jni.cpp, line 615]
Event: 1762.651 Thread 0x0000025c9aaec800 Exception <a 'sun/nio/fs/WindowsException'{0x000000008ccdf788}> (0x000000008ccdf788) thrown at [./src/hotspot/share/prims/jni.cpp, line 615]
Event: 1762.695 Thread 0x0000025c9aaed000 Exception <a 'sun/nio/fs/WindowsException'{0x000000008c9843e0}> (0x000000008c9843e0) thrown at [./src/hotspot/share/prims/jni.cpp, line 615]
Event: 1762.704 Thread 0x0000025c9aaed000 Exception <a 'sun/nio/fs/WindowsException'{0x000000008c8a7998}> (0x000000008c8a7998) thrown at [./src/hotspot/share/prims/jni.cpp, line 615]

Events (20 events):
Event: 1762.466 Thread 0x0000025c9aaef000 Thread added: 0x0000025c9aaef000
Event: 1762.468 Thread 0x0000025c9aaf1000 Thread added: 0x0000025c9aaf1000
Event: 1762.468 Thread 0x0000025c9aaf2000 Thread added: 0x0000025c9aaf2000
Event: 1762.469 Thread 0x0000025c9aaf3000 Thread added: 0x0000025c9aaf3000
Event: 1762.470 Thread 0x0000025c9aaed000 Thread added: 0x0000025c9aaed000
Event: 1762.470 Thread 0x0000025c9aaf3800 Thread added: 0x0000025c9aaf3800
Event: 1762.473 Executing VM operation: BulkRevokeBias
Event: 1762.477 Executing VM operation: BulkRevokeBias done
Event: 1762.478 Executing VM operation: RevokeBias
Event: 1762.479 Executing VM operation: RevokeBias done
Event: 1762.497 Executing VM operation: RevokeBias
Event: 1762.497 Executing VM operation: RevokeBias done
Event: 1762.498 Executing VM operation: RevokeBias
Event: 1762.498 Executing VM operation: RevokeBias done
Event: 1762.570 Executing VM operation: CGC_Operation
Event: 1762.588 Executing VM operation: CGC_Operation done
Event: 1762.656 Executing VM operation: RevokeBias
Event: 1762.656 Executing VM operation: RevokeBias done
Event: 1762.689 Executing VM operation: CGC_Operation
Event: 1762.689 Executing VM operation: CGC_Operation done


Dynamic libraries:
0x00007ff79aab0000 - 0x00007ff79aaba000 	D:\Program Files\Android\Android Studio\jre\bin\java.exe
0x00007ffbd0900000 - 0x00007ffbd0b09000 	C:\Windows\SYSTEM32\ntdll.dll
0x00007ffbcf250000 - 0x00007ffbcf30d000 	C:\Windows\System32\KERNEL32.DLL
0x00007ffbcddf0000 - 0x00007ffbce164000 	C:\Windows\System32\KERNELBASE.dll
0x00007ffbce330000 - 0x00007ffbce441000 	C:\Windows\System32\ucrtbase.dll
0x00007ffb881d0000 - 0x00007ffb881e9000 	D:\Program Files\Android\Android Studio\jre\bin\jli.dll
0x00007ffbcffa0000 - 0x00007ffbd014c000 	C:\Windows\System32\USER32.dll
0x00007ffbce300000 - 0x00007ffbce326000 	C:\Windows\System32\win32u.dll
0x00007ffb8dd50000 - 0x00007ffb8dff5000 	C:\Windows\WinSxS\amd64_microsoft.windows.common-controls_6595b64144ccf1df_6.0.22000.120_none_9d947278b86cc467\COMCTL32.dll
0x00007ffbcfb30000 - 0x00007ffbcfb59000 	C:\Windows\System32\GDI32.dll
0x00007ffbce7a0000 - 0x00007ffbce843000 	C:\Windows\System32\msvcrt.dll
0x00007ffbce450000 - 0x00007ffbce562000 	C:\Windows\System32\gdi32full.dll
0x00007ffbce1e0000 - 0x00007ffbce27d000 	C:\Windows\System32\msvcp_win.dll
0x00007ffb832d0000 - 0x00007ffb832e7000 	D:\Program Files\Android\Android Studio\jre\bin\VCRUNTIME140.dll
0x00007ffbcfc00000 - 0x00007ffbcfc31000 	C:\Windows\System32\IMM32.DLL
0x00007ffb6e5f0000 - 0x00007ffb6e68d000 	D:\Program Files\Android\Android Studio\jre\bin\msvcp140.dll
0x00007ffb6ec30000 - 0x00007ffb6f705000 	D:\Program Files\Android\Android Studio\jre\bin\server\jvm.dll
0x00007ffbcfcb0000 - 0x00007ffbcfd5e000 	C:\Windows\System32\ADVAPI32.dll
0x00007ffbcfb60000 - 0x00007ffbcfbfe000 	C:\Windows\System32\sechost.dll
0x00007ffbd0530000 - 0x00007ffbd0650000 	C:\Windows\System32\RPCRT4.dll
0x00007ffbcf310000 - 0x00007ffbcf318000 	C:\Windows\System32\PSAPI.DLL
0x00007ffbbdd30000 - 0x00007ffbbdd39000 	C:\Windows\SYSTEM32\WSOCK32.dll
0x00007ffbd0250000 - 0x00007ffbd02bf000 	C:\Windows\System32\WS2_32.dll
0x00007ffbc6bc0000 - 0x00007ffbc6bca000 	C:\Windows\SYSTEM32\VERSION.dll
0x00007ffbc94f0000 - 0x00007ffbc9523000 	C:\Windows\SYSTEM32\WINMM.dll
0x00007ffbccfe0000 - 0x00007ffbccff8000 	C:\Windows\SYSTEM32\kernel.appcore.dll
0x00007ffbc9770000 - 0x00007ffbc9781000 	D:\Program Files\Android\Android Studio\jre\bin\verify.dll
0x00007ffbbd2c0000 - 0x00007ffbbd4e1000 	C:\Windows\SYSTEM32\DBGHELP.DLL
0x00007ffbb5750000 - 0x00007ffbb5781000 	C:\Windows\SYSTEM32\dbgcore.DLL
0x00007ffbce280000 - 0x00007ffbce2ff000 	C:\Windows\System32\bcryptPrimitives.dll
0x00007ffbc79c0000 - 0x00007ffbc79e9000 	D:\Program Files\Android\Android Studio\jre\bin\java.dll
0x00007ffbc9290000 - 0x00007ffbc929b000 	D:\Program Files\Android\Android Studio\jre\bin\jimage.dll
0x00007ffba9c40000 - 0x00007ffba9c58000 	D:\Program Files\Android\Android Studio\jre\bin\zip.dll
0x00007ffbcf380000 - 0x00007ffbcfb2f000 	C:\Windows\System32\SHELL32.dll
0x00007ffbcbf70000 - 0x00007ffbcc7d8000 	C:\Windows\SYSTEM32\windows.storage.dll
0x00007ffbcedb0000 - 0x00007ffbcf128000 	C:\Windows\System32\combase.dll
0x00007ffbcbe00000 - 0x00007ffbcbf66000 	C:\Windows\SYSTEM32\wintypes.dll
0x00007ffbd0150000 - 0x00007ffbd023a000 	C:\Windows\System32\SHCORE.dll
0x00007ffbd02d0000 - 0x00007ffbd032d000 	C:\Windows\System32\shlwapi.dll
0x00007ffbcdd20000 - 0x00007ffbcdd41000 	C:\Windows\SYSTEM32\profapi.dll
0x00007ffba9c20000 - 0x00007ffba9c3a000 	D:\Program Files\Android\Android Studio\jre\bin\net.dll
0x00007ffbc6520000 - 0x00007ffbc662c000 	C:\Windows\SYSTEM32\WINHTTP.dll
0x00007ffbcd410000 - 0x00007ffbcd477000 	C:\Windows\system32\mswsock.dll
0x00007ffba9c00000 - 0x00007ffba9c14000 	D:\Program Files\Android\Android Studio\jre\bin\nio.dll
0x00007ffb81690000 - 0x00007ffb816b7000 	C:\Users\huynh\.gradle\native\e1d6ef7f7dcc3fd88c89a11ec53ec762bb8ba0a96d01ffa2cd45eb1d1d8dd5c5\windows-amd64\native-platform.dll
0x00007ffb55010000 - 0x00007ffb55154000 	C:\Users\huynh\.gradle\native\5664cfc778a61ccfe75a443a1ab52a65af34e5dc3c78e0209fed803814484fcb\windows-amd64\native-platform-file-events.dll
0x00007ffbc79b0000 - 0x00007ffbc79ba000 	D:\Program Files\Android\Android Studio\jre\bin\management.dll
0x00007ffbb5740000 - 0x00007ffbb574d000 	D:\Program Files\Android\Android Studio\jre\bin\management_ext.dll
0x00007ffbcd660000 - 0x00007ffbcd678000 	C:\Windows\SYSTEM32\CRYPTSP.dll
0x00007ffbccf40000 - 0x00007ffbccf75000 	C:\Windows\system32\rsaenh.dll
0x00007ffbcd500000 - 0x00007ffbcd529000 	C:\Windows\SYSTEM32\USERENV.dll
0x00007ffbcd7d0000 - 0x00007ffbcd7f7000 	C:\Windows\SYSTEM32\bcrypt.dll
0x00007ffbcd650000 - 0x00007ffbcd65c000 	C:\Windows\SYSTEM32\CRYPTBASE.dll
0x00007ffbcca90000 - 0x00007ffbccabd000 	C:\Windows\SYSTEM32\IPHLPAPI.DLL
0x00007ffbd0240000 - 0x00007ffbd0249000 	C:\Windows\System32\NSI.dll
0x00007ffbc6bd0000 - 0x00007ffbc6be9000 	C:\Windows\SYSTEM32\dhcpcsvc6.DLL
0x00007ffbc69a0000 - 0x00007ffbc69be000 	C:\Windows\SYSTEM32\dhcpcsvc.DLL
0x00007ffbccac0000 - 0x00007ffbccba8000 	C:\Windows\SYSTEM32\DNSAPI.dll
0x00007ffba9b60000 - 0x00007ffba9b87000 	D:\Program Files\Android\Android Studio\jre\bin\sunec.dll

dbghelp: loaded successfully - version: 4.0.5 - missing functions: none
symbol engine: initialized successfully - sym options: 0x614 - pdb path: .;D:\Program Files\Android\Android Studio\jre\bin;C:\Windows\SYSTEM32;C:\Windows\WinSxS\amd64_microsoft.windows.common-controls_6595b64144ccf1df_6.0.22000.120_none_9d947278b86cc467;D:\Program Files\Android\Android Studio\jre\bin\server;C:\Users\huynh\.gradle\native\e1d6ef7f7dcc3fd88c89a11ec53ec762bb8ba0a96d01ffa2cd45eb1d1d8dd5c5\windows-amd64;C:\Users\huynh\.gradle\native\5664cfc778a61ccfe75a443a1ab52a65af34e5dc3c78e0209fed803814484fcb\windows-amd64

VM Arguments:
jvm_args: --add-opens=java.base/java.util=ALL-UNNAMED --add-opens=java.base/java.lang=ALL-UNNAMED --add-opens=java.base/java.lang.invoke=ALL-UNNAMED --add-opens=java.base/java.util=ALL-UNNAMED --add-opens=java.prefs/java.util.prefs=ALL-UNNAMED --add-opens=java.prefs/java.util.prefs=ALL-UNNAMED --add-opens=java.base/java.nio.charset=ALL-UNNAMED --add-opens=java.base/java.net=ALL-UNNAMED --add-opens=java.base/java.util.concurrent.atomic=ALL-UNNAMED -Xmx2048m -Dfile.encoding=UTF-8 -Duser.country=US -Duser.language=en -Duser.variant 
java_command: org.gradle.launcher.daemon.bootstrap.GradleDaemon 7.2
java_class_path (initial): C:\Users\huynh\.gradle\wrapper\dists\gradle-7.2-bin\2dnblmf4td7x66yl1d74lt32g\gradle-7.2\lib\gradle-launcher-7.2.jar
Launcher Type: SUN_STANDARD

[Global flags]
     intx CICompilerCount                          = 4                                         {product} {ergonomic}
     uint ConcGCThreads                            = 2                                         {product} {ergonomic}
     uint G1ConcRefinementThreads                  = 8                                         {product} {ergonomic}
   size_t G1HeapRegionSize                         = 1048576                                   {product} {ergonomic}
    uintx GCDrainStackTargetSize                   = 64                                        {product} {ergonomic}
   size_t InitialHeapSize                          = 201326592                                 {product} {ergonomic}
   size_t MarkStackSize                            = 4194304                                   {product} {ergonomic}
   size_t MaxHeapSize                              = 2147483648                                {product} {command line}
   size_t MaxNewSize                               = 1287651328                                {product} {ergonomic}
   size_t MinHeapDeltaBytes                        = 1048576                                   {product} {ergonomic}
    uintx NonNMethodCodeHeapSize                   = 5836300                                {pd product} {ergonomic}
    uintx NonProfiledCodeHeapSize                  = 122910970                              {pd product} {ergonomic}
    uintx ProfiledCodeHeapSize                     = 122910970                              {pd product} {ergonomic}
    uintx ReservedCodeCacheSize                    = 251658240                              {pd product} {ergonomic}
     bool SegmentedCodeCache                       = true                                      {product} {ergonomic}
     bool UseCompressedClassPointers               = true                                 {lp64_product} {ergonomic}
     bool UseCompressedOops                        = true                                 {lp64_product} {ergonomic}
     bool UseG1GC                                  = true                                      {product} {ergonomic}
     bool UseLargePagesIndividualAllocation        = false                                  {pd product} {ergonomic}

Logging:
Log output configuration:
 #0: stdout all=warning uptime,level,tags
 #1: stderr all=off uptime,level,tags

Environment Variables:
PATH=C:\app\oracle\product\19c\db_home1\bin;C:\Python310\Scripts\;C:\Python310\;C:\Program Files\Common Files\Oracle\Java\javapath;C:\Windows\system32;C:\Windows;C:\Windows\System32\Wbem;C:\Windows\System32\WindowsPowerShell\v1.0\;C:\Windows\System32\OpenSSH\;C:\ProgramData\chocolatey\bin;C:\Program Files\Microsoft SQL Server\120\DTS\Binn\;C:\Program Files\Microsoft SQL Server\Client SDK\ODBC\110\Tools\Binn\;C:\Program Files (x86)\Microsoft SQL Server\120\Tools\Binn\;C:\Program Files\Microsoft SQL Server\120\Tools\Binn\;C:\Program Files (x86)\Microsoft SQL Server\120\Tools\Binn\ManagementStudio\;C:\Program Files (x86)\Microsoft SQL Server\120\DTS\Binn\;C:\Program Files (x86)\Microsoft SQL Server\150\DTS\Binn\;D:\Programs\TortoiseSVN\bin;C:\app\gradle-5.2.1\bin;C:\app\gradle-5.2.1\bin;C:\Program Files\nodejs\;C:\Program Files\dotnet\;C:\Program Files\Microsoft SQL Server\130\Tools\Binn\;C:\Program Files\Microsoft SQL Server\Client SDK\ODBC\170\Tools\Binn\;C:\sqlite3;D:\Programs\Git\cmd;C:\Program Files (x86)\dotnet\;C:\Users\huynh\AppData\Local\Microsoft\WindowsApps;;D:\Programs\JetBrains\IntelliJ IDEA 2021.3\bin;;C:\Program Files\Azure Data Studio\bin;D:\Programs\Microsoft VS Code\Microsoft VS Code\bin;C:\Users\huynh\AppData\Roaming\npm;C:\Users\huynh\.dotnet\tools;C:\Program Files\Azure Data Studio\bin
USERNAME=huynh
OS=Windows_NT
PROCESSOR_IDENTIFIER=Intel64 Family 6 Model 142 Stepping 10, GenuineIntel



---------------  S Y S T E M  ---------------

OS: Windows 10 , 64 bit Build 22000 (10.0.22000.613)
OS uptime: 0 days 2:17 hours

CPU:total 8 (initial active 8) (4 cores per cpu, 2 threads per core) family 6 model 142 stepping 10 microcode 0xe0, cmov, cx8, fxsr, mmx, sse, sse2, sse3, ssse3, sse4.1, sse4.2, popcnt, avx, avx2, aes, clmul, erms, 3dnowpref, lzcnt, ht, tsc, tscinvbit, bmi1, bmi2, adx, fma

Memory: 4k page, system-wide physical 12169M (278M free)
TotalPageFile size 16265M (AvailPageFile size 3M)
current process WorkingSet (physical memory assigned to process): 521M, peak: 619M
current process commit charge ("private bytes"): 644M, peak: 657M

vm_info: OpenJDK 64-Bit Server VM (11.0.11+9-b60-7590822) for windows-amd64 JRE (11.0.11+9-b60-7590822), built on Jul 29 2021 21:43:44 by "builder" with MS VC++ 14.0 (VS2015)

END.
